{"H:\\unimelb\\SWEN90013-MASP\\SWEN90013-2021-ED-Back-End\\index.js":{"path":"H:\\unimelb\\SWEN90013-MASP\\SWEN90013-2021-ED-Back-End\\index.js","statementMap":{"0":{"start":{"line":1,"column":16},"end":{"line":1,"column":34}},"1":{"start":{"line":2,"column":13},"end":{"line":2,"column":28}},"2":{"start":{"line":3,"column":12},"end":{"line":3,"column":21}},"3":{"start":{"line":6,"column":0},"end":{"line":6,"column":16}},"4":{"start":{"line":8,"column":0},"end":{"line":8,"column":24}},"5":{"start":{"line":11,"column":0},"end":{"line":11,"column":71}},"6":{"start":{"line":12,"column":0},"end":{"line":12,"column":60}},"7":{"start":{"line":16,"column":0},"end":{"line":16,"column":54}},"8":{"start":{"line":17,"column":0},"end":{"line":17,"column":56}},"9":{"start":{"line":18,"column":0},"end":{"line":18,"column":56}},"10":{"start":{"line":20,"column":0},"end":{"line":20,"column":79}},"11":{"start":{"line":21,"column":0},"end":{"line":21,"column":79}},"12":{"start":{"line":22,"column":0},"end":{"line":22,"column":84}},"13":{"start":{"line":23,"column":0},"end":{"line":23,"column":84}},"14":{"start":{"line":24,"column":0},"end":{"line":24,"column":88}},"15":{"start":{"line":26,"column":0},"end":{"line":26,"column":61}},"16":{"start":{"line":27,"column":0},"end":{"line":27,"column":66}},"17":{"start":{"line":28,"column":0},"end":{"line":28,"column":67}},"18":{"start":{"line":29,"column":0},"end":{"line":29,"column":63}},"19":{"start":{"line":30,"column":0},"end":{"line":30,"column":67}},"20":{"start":{"line":32,"column":0},"end":{"line":32,"column":66}},"21":{"start":{"line":33,"column":0},"end":{"line":33,"column":64}},"22":{"start":{"line":36,"column":0},"end":{"line":36,"column":68}},"23":{"start":{"line":37,"column":0},"end":{"line":37,"column":72}},"24":{"start":{"line":40,"column":0},"end":{"line":40,"column":82}},"25":{"start":{"line":43,"column":0},"end":{"line":43,"column":73}},"26":{"start":{"line":46,"column":13},"end":{"line":46,"column":37}},"27":{"start":{"line":47,"column":0},"end":{"line":49,"column":3}},"28":{"start":{"line":48,"column":4},"end":{"line":48,"column":54}},"29":{"start":{"line":51,"column":0},"end":{"line":51,"column":21}}},"fnMap":{"0":{"name":"(anonymous_0)","decl":{"start":{"line":47,"column":17},"end":{"line":47,"column":18}},"loc":{"start":{"line":47,"column":23},"end":{"line":49,"column":1}},"line":47}},"branchMap":{"0":{"loc":{"start":{"line":46,"column":13},"end":{"line":46,"column":37}},"type":"binary-expr","locations":[{"start":{"line":46,"column":13},"end":{"line":46,"column":29}},{"start":{"line":46,"column":33},"end":{"line":46,"column":37}}],"line":46}},"s":{"0":1,"1":1,"2":1,"3":1,"4":1,"5":1,"6":1,"7":1,"8":1,"9":1,"10":1,"11":1,"12":1,"13":1,"14":1,"15":1,"16":1,"17":1,"18":1,"19":1,"20":1,"21":1,"22":1,"23":1,"24":1,"25":1,"26":1,"27":1,"28":1,"29":1},"f":{"0":1},"b":{"0":[1,1]},"_coverageSchema":"1a1c01bbd47fc00a2c39e90264f33305004495a9","hash":"f29059bc25814b0a1251edbac772b508650e9e95","contentHash":"522f8214e85a6238154a76ecb172a5ed9f1a30bc21649425ad20d168d0bf645c"},"H:\\unimelb\\SWEN90013-MASP\\SWEN90013-2021-ED-Back-End\\scripts\\Accounts.js":{"path":"H:\\unimelb\\SWEN90013-MASP\\SWEN90013-2021-ED-Back-End\\scripts\\Accounts.js","statementMap":{"0":{"start":{"line":1,"column":17},"end":{"line":1,"column":39}},"1":{"start":{"line":2,"column":15},"end":{"line":2,"column":30}},"2":{"start":{"line":3,"column":14},"end":{"line":3,"column":28}},"3":{"start":{"line":4,"column":13},"end":{"line":4,"column":26}},"4":{"start":{"line":5,"column":18},"end":{"line":5,"column":36}},"5":{"start":{"line":6,"column":16},"end":{"line":6,"column":34}},"6":{"start":{"line":7,"column":15},"end":{"line":7,"column":31}},"7":{"start":{"line":9,"column":19},"end":{"line":9,"column":37}},"8":{"start":{"line":12,"column":0},"end":{"line":105,"column":3}},"9":{"start":{"line":13,"column":19},"end":{"line":23,"column":28}},"10":{"start":{"line":24,"column":22},"end":{"line":34,"column":17}},"11":{"start":{"line":35,"column":23},"end":{"line":45,"column":15}},"12":{"start":{"line":46,"column":22},"end":{"line":56,"column":16}},"13":{"start":{"line":65,"column":4},"end":{"line":103,"column":5}},"14":{"start":{"line":65,"column":17},"end":{"line":65,"column":18}},"15":{"start":{"line":66,"column":22},"end":{"line":66,"column":31}},"16":{"start":{"line":67,"column":25},"end":{"line":67,"column":37}},"17":{"start":{"line":68,"column":26},"end":{"line":68,"column":39}},"18":{"start":{"line":69,"column":25},"end":{"line":69,"column":37}},"19":{"start":{"line":71,"column":25},"end":{"line":71,"column":29}},"20":{"start":{"line":72,"column":8},"end":{"line":81,"column":9}},"21":{"start":{"line":73,"column":12},"end":{"line":73,"column":84}},"22":{"start":{"line":76,"column":12},"end":{"line":79,"column":15}},"23":{"start":{"line":80,"column":12},"end":{"line":80,"column":19}},"24":{"start":{"line":82,"column":8},"end":{"line":101,"column":9}},"25":{"start":{"line":83,"column":12},"end":{"line":96,"column":15}},"26":{"start":{"line":99,"column":12},"end":{"line":99,"column":117}},"27":{"start":{"line":100,"column":12},"end":{"line":100,"column":19}},"28":{"start":{"line":102,"column":8},"end":{"line":102,"column":96}},"29":{"start":{"line":104,"column":4},"end":{"line":104,"column":35}},"30":{"start":{"line":108,"column":0},"end":{"line":159,"column":3}},"31":{"start":{"line":109,"column":19},"end":{"line":111,"column":5}},"32":{"start":{"line":112,"column":22},"end":{"line":114,"column":5}},"33":{"start":{"line":115,"column":23},"end":{"line":117,"column":5}},"34":{"start":{"line":118,"column":22},"end":{"line":120,"column":5}},"35":{"start":{"line":122,"column":4},"end":{"line":157,"column":5}},"36":{"start":{"line":122,"column":17},"end":{"line":122,"column":18}},"37":{"start":{"line":123,"column":22},"end":{"line":123,"column":31}},"38":{"start":{"line":124,"column":25},"end":{"line":124,"column":37}},"39":{"start":{"line":125,"column":26},"end":{"line":125,"column":39}},"40":{"start":{"line":126,"column":25},"end":{"line":126,"column":37}},"41":{"start":{"line":128,"column":25},"end":{"line":128,"column":29}},"42":{"start":{"line":129,"column":8},"end":{"line":138,"column":9}},"43":{"start":{"line":130,"column":12},"end":{"line":130,"column":84}},"44":{"start":{"line":133,"column":12},"end":{"line":136,"column":15}},"45":{"start":{"line":137,"column":12},"end":{"line":137,"column":19}},"46":{"start":{"line":139,"column":8},"end":{"line":155,"column":9}},"47":{"start":{"line":140,"column":12},"end":{"line":150,"column":15}},"48":{"start":{"line":153,"column":12},"end":{"line":153,"column":117}},"49":{"start":{"line":154,"column":12},"end":{"line":154,"column":19}},"50":{"start":{"line":156,"column":8},"end":{"line":156,"column":96}},"51":{"start":{"line":158,"column":4},"end":{"line":158,"column":35}},"52":{"start":{"line":161,"column":0},"end":{"line":161,"column":24}}},"fnMap":{"0":{"name":"(anonymous_0)","decl":{"start":{"line":12,"column":23},"end":{"line":12,"column":24}},"loc":{"start":{"line":12,"column":43},"end":{"line":105,"column":1}},"line":12},"1":{"name":"(anonymous_1)","decl":{"start":{"line":108,"column":23},"end":{"line":108,"column":24}},"loc":{"start":{"line":108,"column":43},"end":{"line":159,"column":1}},"line":108}},"branchMap":{},"s":{"0":1,"1":1,"2":1,"3":1,"4":1,"5":1,"6":1,"7":1,"8":1,"9":0,"10":0,"11":0,"12":0,"13":0,"14":0,"15":0,"16":0,"17":0,"18":0,"19":0,"20":0,"21":0,"22":0,"23":0,"24":0,"25":0,"26":0,"27":0,"28":0,"29":0,"30":1,"31":0,"32":0,"33":0,"34":0,"35":0,"36":0,"37":0,"38":0,"39":0,"40":0,"41":0,"42":0,"43":0,"44":0,"45":0,"46":0,"47":0,"48":0,"49":0,"50":0,"51":0,"52":1},"f":{"0":0,"1":0},"b":{},"_coverageSchema":"1a1c01bbd47fc00a2c39e90264f33305004495a9","hash":"eb84cdc75c9acaaa8cd15f0510a220484cc6ff0c","contentHash":"308eaf8894ab2501e43e9d2e0d1c6ae828c93ce509d83c4884aeae3d6968348b"},"H:\\unimelb\\SWEN90013-MASP\\SWEN90013-2021-ED-Back-End\\firebase.js":{"path":"H:\\unimelb\\SWEN90013-MASP\\SWEN90013-2021-ED-Back-End\\firebase.js","statementMap":{"0":{"start":{"line":1,"column":15},"end":{"line":1,"column":34}},"1":{"start":{"line":2,"column":14},"end":{"line":2,"column":39}},"2":{"start":{"line":4,"column":23},"end":{"line":12,"column":1}},"3":{"start":{"line":13,"column":0},"end":{"line":13,"column":37}},"4":{"start":{"line":44,"column":0},"end":{"line":57,"column":3}},"5":{"start":{"line":59,"column":0},"end":{"line":62,"column":2}}},"fnMap":{},"branchMap":{},"s":{"0":1,"1":1,"2":1,"3":1,"4":1,"5":1},"f":{},"b":{},"_coverageSchema":"1a1c01bbd47fc00a2c39e90264f33305004495a9","hash":"a07e0ca48c0c8ea41e4ca5cead741d958a75c2e5","contentHash":"bb5eece4cb769f77709c7d875ccc809d1714bdf0b8cbce2ab24407001e97258d"},"H:\\unimelb\\SWEN90013-MASP\\SWEN90013-2021-ED-Back-End\\scripts\\Others.js":{"path":"H:\\unimelb\\SWEN90013-MASP\\SWEN90013-2021-ED-Back-End\\scripts\\Others.js","statementMap":{"0":{"start":{"line":1,"column":17},"end":{"line":1,"column":39}},"1":{"start":{"line":2,"column":15},"end":{"line":2,"column":30}},"2":{"start":{"line":3,"column":14},"end":{"line":3,"column":28}},"3":{"start":{"line":4,"column":13},"end":{"line":4,"column":26}},"4":{"start":{"line":5,"column":18},"end":{"line":5,"column":36}},"5":{"start":{"line":6,"column":16},"end":{"line":6,"column":34}},"6":{"start":{"line":7,"column":15},"end":{"line":7,"column":31}},"7":{"start":{"line":10,"column":0},"end":{"line":30,"column":2}},"8":{"start":{"line":11,"column":4},"end":{"line":16,"column":7}},"9":{"start":{"line":18,"column":4},"end":{"line":27,"column":7}},"10":{"start":{"line":29,"column":4},"end":{"line":29,"column":35}},"11":{"start":{"line":32,"column":0},"end":{"line":75,"column":3}},"12":{"start":{"line":33,"column":18},"end":{"line":39,"column":5}},"13":{"start":{"line":40,"column":20},"end":{"line":46,"column":5}},"14":{"start":{"line":47,"column":19},"end":{"line":53,"column":5}},"15":{"start":{"line":54,"column":25},"end":{"line":60,"column":5}},"16":{"start":{"line":61,"column":4},"end":{"line":72,"column":5}},"17":{"start":{"line":61,"column":17},"end":{"line":61,"column":18}},"18":{"start":{"line":62,"column":8},"end":{"line":71,"column":11}},"19":{"start":{"line":74,"column":4},"end":{"line":74,"column":35}},"20":{"start":{"line":77,"column":0},"end":{"line":77,"column":24}}},"fnMap":{"0":{"name":"(anonymous_0)","decl":{"start":{"line":10,"column":16},"end":{"line":10,"column":17}},"loc":{"start":{"line":10,"column":36},"end":{"line":30,"column":1}},"line":10},"1":{"name":"(anonymous_1)","decl":{"start":{"line":32,"column":21},"end":{"line":32,"column":22}},"loc":{"start":{"line":32,"column":41},"end":{"line":75,"column":1}},"line":32}},"branchMap":{},"s":{"0":1,"1":1,"2":1,"3":1,"4":1,"5":1,"6":1,"7":1,"8":0,"9":0,"10":0,"11":1,"12":0,"13":0,"14":0,"15":0,"16":0,"17":0,"18":0,"19":0,"20":1},"f":{"0":0,"1":0},"b":{},"_coverageSchema":"1a1c01bbd47fc00a2c39e90264f33305004495a9","hash":"fd328b45cb7e838bb2117ce202e834f15349fecf","contentHash":"7b7ab4d2f2fc0e9b734051bbc7cd4fb6194f3556e73b179e741e13b5a7880364"},"H:\\unimelb\\SWEN90013-MASP\\SWEN90013-2021-ED-Back-End\\routes\\auth\\Login.js":{"path":"H:\\unimelb\\SWEN90013-MASP\\SWEN90013-2021-ED-Back-End\\routes\\auth\\Login.js","statementMap":{"0":{"start":{"line":1,"column":17},"end":{"line":1,"column":42}},"1":{"start":{"line":2,"column":15},"end":{"line":2,"column":30}},"2":{"start":{"line":3,"column":14},"end":{"line":3,"column":28}},"3":{"start":{"line":4,"column":13},"end":{"line":4,"column":26}},"4":{"start":{"line":5,"column":18},"end":{"line":5,"column":36}},"5":{"start":{"line":6,"column":16},"end":{"line":6,"column":34}},"6":{"start":{"line":7,"column":15},"end":{"line":7,"column":31}},"7":{"start":{"line":8,"column":12},"end":{"line":8,"column":26}},"8":{"start":{"line":10,"column":19},"end":{"line":10,"column":38}},"9":{"start":{"line":12,"column":0},"end":{"line":66,"column":3}},"10":{"start":{"line":14,"column":19},"end":{"line":17,"column":6}},"11":{"start":{"line":18,"column":19},"end":{"line":18,"column":44}},"12":{"start":{"line":19,"column":4},"end":{"line":22,"column":5}},"13":{"start":{"line":20,"column":8},"end":{"line":20,"column":73}},"14":{"start":{"line":21,"column":8},"end":{"line":21,"column":15}},"15":{"start":{"line":23,"column":4},"end":{"line":23,"column":72}},"16":{"start":{"line":26,"column":4},"end":{"line":36,"column":5}},"17":{"start":{"line":27,"column":8},"end":{"line":27,"column":94}},"18":{"start":{"line":30,"column":20},"end":{"line":33,"column":9}},"19":{"start":{"line":34,"column":8},"end":{"line":34,"column":34}},"20":{"start":{"line":35,"column":8},"end":{"line":35,"column":15}},"21":{"start":{"line":37,"column":4},"end":{"line":37,"column":87}},"22":{"start":{"line":38,"column":4},"end":{"line":44,"column":5}},"23":{"start":{"line":39,"column":8},"end":{"line":39,"column":51}},"24":{"start":{"line":42,"column":8},"end":{"line":42,"column":36}},"25":{"start":{"line":43,"column":8},"end":{"line":43,"column":15}},"26":{"start":{"line":45,"column":4},"end":{"line":45,"column":85}},"27":{"start":{"line":46,"column":15},"end":{"line":46,"column":19}},"28":{"start":{"line":47,"column":4},"end":{"line":60,"column":5}},"29":{"start":{"line":48,"column":8},"end":{"line":48,"column":84}},"30":{"start":{"line":49,"column":8},"end":{"line":55,"column":9}},"31":{"start":{"line":50,"column":12},"end":{"line":50,"column":29}},"32":{"start":{"line":53,"column":12},"end":{"line":53,"column":88}},"33":{"start":{"line":54,"column":12},"end":{"line":54,"column":50}},"34":{"start":{"line":58,"column":8},"end":{"line":58,"column":124}},"35":{"start":{"line":59,"column":8},"end":{"line":59,"column":15}},"36":{"start":{"line":61,"column":4},"end":{"line":65,"column":7}},"37":{"start":{"line":68,"column":0},"end":{"line":68,"column":24}}},"fnMap":{"0":{"name":"(anonymous_0)","decl":{"start":{"line":12,"column":17},"end":{"line":12,"column":18}},"loc":{"start":{"line":12,"column":37},"end":{"line":66,"column":1}},"line":12}},"branchMap":{"0":{"loc":{"start":{"line":19,"column":4},"end":{"line":22,"column":5}},"type":"if","locations":[{"start":{"line":19,"column":4},"end":{"line":22,"column":5}},{"start":{"line":19,"column":4},"end":{"line":22,"column":5}}],"line":19},"1":{"loc":{"start":{"line":49,"column":8},"end":{"line":55,"column":9}},"type":"if","locations":[{"start":{"line":49,"column":8},"end":{"line":55,"column":9}},{"start":{"line":49,"column":8},"end":{"line":55,"column":9}}],"line":49},"2":{"loc":{"start":{"line":54,"column":19},"end":{"line":54,"column":49}},"type":"cond-expr","locations":[{"start":{"line":54,"column":33},"end":{"line":54,"column":42}},{"start":{"line":54,"column":45},"end":{"line":54,"column":49}}],"line":54}},"s":{"0":1,"1":1,"2":1,"3":1,"4":1,"5":1,"6":1,"7":1,"8":1,"9":1,"10":7,"11":7,"12":7,"13":2,"14":2,"15":5,"16":5,"17":5,"18":3,"19":3,"20":3,"21":2,"22":2,"23":2,"24":0,"25":0,"26":2,"27":2,"28":2,"29":2,"30":2,"31":1,"32":1,"33":1,"34":0,"35":0,"36":2,"37":1},"f":{"0":7},"b":{"0":[2,5],"1":[1,1],"2":[1,0]},"_coverageSchema":"1a1c01bbd47fc00a2c39e90264f33305004495a9","hash":"c097c2bb42383f9f680843b792eae318e33a11be","contentHash":"da324024d5e352561870aead8d0a9035ee6d3eb6863c8143ac76695687981bf2"},"H:\\unimelb\\SWEN90013-MASP\\SWEN90013-2021-ED-Back-End\\routes\\auth\\Signup.js":{"path":"H:\\unimelb\\SWEN90013-MASP\\SWEN90013-2021-ED-Back-End\\routes\\auth\\Signup.js","statementMap":{"0":{"start":{"line":1,"column":17},"end":{"line":1,"column":42}},"1":{"start":{"line":2,"column":15},"end":{"line":2,"column":30}},"2":{"start":{"line":3,"column":14},"end":{"line":3,"column":28}},"3":{"start":{"line":4,"column":13},"end":{"line":4,"column":26}},"4":{"start":{"line":5,"column":11},"end":{"line":5,"column":29}},"5":{"start":{"line":6,"column":18},"end":{"line":6,"column":36}},"6":{"start":{"line":7,"column":16},"end":{"line":7,"column":34}},"7":{"start":{"line":8,"column":15},"end":{"line":8,"column":31}},"8":{"start":{"line":9,"column":12},"end":{"line":9,"column":26}},"9":{"start":{"line":11,"column":19},"end":{"line":11,"column":39}},"10":{"start":{"line":13,"column":0},"end":{"line":150,"column":3}},"11":{"start":{"line":15,"column":19},"end":{"line":22,"column":6}},"12":{"start":{"line":23,"column":19},"end":{"line":23,"column":44}},"13":{"start":{"line":24,"column":4},"end":{"line":27,"column":5}},"14":{"start":{"line":25,"column":8},"end":{"line":25,"column":73}},"15":{"start":{"line":26,"column":8},"end":{"line":26,"column":15}},"16":{"start":{"line":28,"column":17},"end":{"line":28,"column":30}},"17":{"start":{"line":31,"column":4},"end":{"line":35,"column":5}},"18":{"start":{"line":32,"column":8},"end":{"line":32,"column":26}},"19":{"start":{"line":33,"column":8},"end":{"line":33,"column":65}},"20":{"start":{"line":34,"column":8},"end":{"line":34,"column":15}},"21":{"start":{"line":36,"column":4},"end":{"line":36,"column":72}},"22":{"start":{"line":38,"column":17},"end":{"line":38,"column":36}},"23":{"start":{"line":40,"column":26},"end":{"line":40,"column":68}},"24":{"start":{"line":41,"column":26},"end":{"line":41,"column":51}},"25":{"start":{"line":42,"column":22},"end":{"line":42,"column":48}},"26":{"start":{"line":43,"column":24},"end":{"line":43,"column":64}},"27":{"start":{"line":44,"column":24},"end":{"line":44,"column":47}},"28":{"start":{"line":45,"column":20},"end":{"line":45,"column":44}},"29":{"start":{"line":48,"column":4},"end":{"line":69,"column":5}},"30":{"start":{"line":49,"column":8},"end":{"line":60,"column":9}},"31":{"start":{"line":50,"column":12},"end":{"line":55,"column":15}},"32":{"start":{"line":51,"column":16},"end":{"line":51,"column":51}},"33":{"start":{"line":52,"column":16},"end":{"line":52,"column":37}},"34":{"start":{"line":53,"column":16},"end":{"line":53,"column":62}},"35":{"start":{"line":54,"column":16},"end":{"line":54,"column":58}},"36":{"start":{"line":58,"column":12},"end":{"line":58,"column":83}},"37":{"start":{"line":59,"column":12},"end":{"line":59,"column":19}},"38":{"start":{"line":62,"column":9},"end":{"line":69,"column":5}},"39":{"start":{"line":63,"column":8},"end":{"line":63,"column":60}},"40":{"start":{"line":64,"column":8},"end":{"line":64,"column":15}},"41":{"start":{"line":67,"column":8},"end":{"line":67,"column":67}},"42":{"start":{"line":68,"column":8},"end":{"line":68,"column":15}},"43":{"start":{"line":73,"column":4},"end":{"line":84,"column":5}},"44":{"start":{"line":74,"column":8},"end":{"line":74,"column":98}},"45":{"start":{"line":75,"column":8},"end":{"line":75,"column":34}},"46":{"start":{"line":78,"column":20},"end":{"line":81,"column":9}},"47":{"start":{"line":82,"column":8},"end":{"line":82,"column":34}},"48":{"start":{"line":83,"column":8},"end":{"line":83,"column":15}},"49":{"start":{"line":85,"column":4},"end":{"line":85,"column":86}},"50":{"start":{"line":86,"column":4},"end":{"line":92,"column":5}},"51":{"start":{"line":87,"column":8},"end":{"line":87,"column":51}},"52":{"start":{"line":90,"column":8},"end":{"line":90,"column":36}},"53":{"start":{"line":91,"column":8},"end":{"line":91,"column":15}},"54":{"start":{"line":93,"column":4},"end":{"line":93,"column":86}},"55":{"start":{"line":95,"column":4},"end":{"line":98,"column":11}},"56":{"start":{"line":106,"column":20},"end":{"line":106,"column":46}},"57":{"start":{"line":108,"column":4},"end":{"line":136,"column":5}},"58":{"start":{"line":109,"column":8},"end":{"line":123,"column":10}},"59":{"start":{"line":126,"column":8},"end":{"line":135,"column":10}},"60":{"start":{"line":137,"column":4},"end":{"line":144,"column":5}},"61":{"start":{"line":139,"column":8},"end":{"line":139,"column":43}},"62":{"start":{"line":142,"column":8},"end":{"line":142,"column":36}},"63":{"start":{"line":143,"column":8},"end":{"line":143,"column":15}},"64":{"start":{"line":145,"column":4},"end":{"line":145,"column":81}},"65":{"start":{"line":146,"column":4},"end":{"line":149,"column":7}},"66":{"start":{"line":152,"column":0},"end":{"line":152,"column":24}}},"fnMap":{"0":{"name":"(anonymous_0)","decl":{"start":{"line":13,"column":17},"end":{"line":13,"column":18}},"loc":{"start":{"line":13,"column":37},"end":{"line":150,"column":1}},"line":13},"1":{"name":"(anonymous_1)","decl":{"start":{"line":50,"column":36},"end":{"line":50,"column":37}},"loc":{"start":{"line":50,"column":47},"end":{"line":55,"column":13}},"line":50},"2":{"name":"(anonymous_2)","decl":{"start":{"line":96,"column":14},"end":{"line":96,"column":15}},"loc":{"start":{"line":96,"column":20},"end":{"line":98,"column":9}},"line":96}},"branchMap":{"0":{"loc":{"start":{"line":24,"column":4},"end":{"line":27,"column":5}},"type":"if","locations":[{"start":{"line":24,"column":4},"end":{"line":27,"column":5}},{"start":{"line":24,"column":4},"end":{"line":27,"column":5}}],"line":24},"1":{"loc":{"start":{"line":31,"column":4},"end":{"line":35,"column":5}},"type":"if","locations":[{"start":{"line":31,"column":4},"end":{"line":35,"column":5}},{"start":{"line":31,"column":4},"end":{"line":35,"column":5}}],"line":31},"2":{"loc":{"start":{"line":31,"column":8},"end":{"line":31,"column":48}},"type":"binary-expr","locations":[{"start":{"line":31,"column":8},"end":{"line":31,"column":26}},{"start":{"line":31,"column":30},"end":{"line":31,"column":48}}],"line":31},"3":{"loc":{"start":{"line":48,"column":4},"end":{"line":69,"column":5}},"type":"if","locations":[{"start":{"line":48,"column":4},"end":{"line":69,"column":5}},{"start":{"line":48,"column":4},"end":{"line":69,"column":5}}],"line":48},"4":{"loc":{"start":{"line":62,"column":9},"end":{"line":69,"column":5}},"type":"if","locations":[{"start":{"line":62,"column":9},"end":{"line":69,"column":5}},{"start":{"line":62,"column":9},"end":{"line":69,"column":5}}],"line":62},"5":{"loc":{"start":{"line":108,"column":4},"end":{"line":136,"column":5}},"type":"if","locations":[{"start":{"line":108,"column":4},"end":{"line":136,"column":5}},{"start":{"line":108,"column":4},"end":{"line":136,"column":5}}],"line":108}},"s":{"0":1,"1":1,"2":1,"3":1,"4":1,"5":1,"6":1,"7":1,"8":1,"9":1,"10":1,"11":7,"12":7,"13":7,"14":6,"15":6,"16":1,"17":1,"18":1,"19":1,"20":1,"21":0,"22":0,"23":0,"24":0,"25":0,"26":0,"27":0,"28":0,"29":0,"30":0,"31":0,"32":0,"33":0,"34":0,"35":0,"36":0,"37":0,"38":0,"39":0,"40":0,"41":0,"42":0,"43":0,"44":0,"45":0,"46":0,"47":0,"48":0,"49":0,"50":0,"51":0,"52":0,"53":0,"54":0,"55":0,"56":0,"57":0,"58":0,"59":0,"60":0,"61":0,"62":0,"63":0,"64":0,"65":0,"66":1},"f":{"0":7,"1":0,"2":0},"b":{"0":[6,1],"1":[1,0],"2":[1,1],"3":[0,0],"4":[0,0],"5":[0,0]},"_coverageSchema":"1a1c01bbd47fc00a2c39e90264f33305004495a9","hash":"f93d91c6c87b6ce80bff4ef0b9ef9e24d0be476d","contentHash":"1740f53b88b990d0a9706c0493bd377923d91570173ba977a4aa4f954d72b039"},"H:\\unimelb\\SWEN90013-MASP\\SWEN90013-2021-ED-Back-End\\routes\\auth\\Logout.js":{"path":"H:\\unimelb\\SWEN90013-MASP\\SWEN90013-2021-ED-Back-End\\routes\\auth\\Logout.js","statementMap":{"0":{"start":{"line":1,"column":17},"end":{"line":1,"column":42}},"1":{"start":{"line":2,"column":15},"end":{"line":2,"column":30}},"2":{"start":{"line":3,"column":14},"end":{"line":3,"column":28}},"3":{"start":{"line":4,"column":13},"end":{"line":4,"column":26}},"4":{"start":{"line":5,"column":16},"end":{"line":5,"column":34}},"5":{"start":{"line":6,"column":15},"end":{"line":6,"column":31}},"6":{"start":{"line":8,"column":19},"end":{"line":8,"column":39}},"7":{"start":{"line":10,"column":0},"end":{"line":13,"column":3}},"8":{"start":{"line":12,"column":4},"end":{"line":12,"column":35}},"9":{"start":{"line":15,"column":0},"end":{"line":15,"column":24}}},"fnMap":{"0":{"name":"(anonymous_0)","decl":{"start":{"line":10,"column":17},"end":{"line":10,"column":18}},"loc":{"start":{"line":10,"column":31},"end":{"line":13,"column":1}},"line":10}},"branchMap":{},"s":{"0":1,"1":1,"2":1,"3":1,"4":1,"5":1,"6":1,"7":1,"8":0,"9":1},"f":{"0":0},"b":{},"_coverageSchema":"1a1c01bbd47fc00a2c39e90264f33305004495a9","hash":"d03a1bd517adccfb67e944f889d942867cf79066","contentHash":"b7c618f820fbbd9063dd57327aa05e5bd69a6fa05250f91a295cf6b555b4c9ad"},"H:\\unimelb\\SWEN90013-MASP\\SWEN90013-2021-ED-Back-End\\routes\\function\\GetStudentProfile.js":{"path":"H:\\unimelb\\SWEN90013-MASP\\SWEN90013-2021-ED-Back-End\\routes\\function\\GetStudentProfile.js","statementMap":{"0":{"start":{"line":5,"column":17},"end":{"line":5,"column":42}},"1":{"start":{"line":6,"column":15},"end":{"line":6,"column":30}},"2":{"start":{"line":7,"column":11},"end":{"line":7,"column":29}},"3":{"start":{"line":8,"column":16},"end":{"line":8,"column":32}},"4":{"start":{"line":9,"column":16},"end":{"line":9,"column":34}},"5":{"start":{"line":10,"column":15},"end":{"line":10,"column":31}},"6":{"start":{"line":12,"column":19},"end":{"line":12,"column":52}},"7":{"start":{"line":14,"column":0},"end":{"line":65,"column":3}},"8":{"start":{"line":16,"column":30},"end":{"line":16,"column":54}},"9":{"start":{"line":18,"column":4},"end":{"line":22,"column":5}},"10":{"start":{"line":19,"column":8},"end":{"line":19,"column":45}},"11":{"start":{"line":20,"column":8},"end":{"line":20,"column":63}},"12":{"start":{"line":21,"column":8},"end":{"line":21,"column":15}},"13":{"start":{"line":24,"column":16},"end":{"line":24,"column":31}},"14":{"start":{"line":25,"column":4},"end":{"line":25,"column":23}},"15":{"start":{"line":26,"column":24},"end":{"line":26,"column":50}},"16":{"start":{"line":28,"column":16},"end":{"line":28,"column":39}},"17":{"start":{"line":29,"column":4},"end":{"line":64,"column":5}},"18":{"start":{"line":30,"column":8},"end":{"line":30,"column":43}},"19":{"start":{"line":31,"column":8},"end":{"line":31,"column":70}},"20":{"start":{"line":33,"column":8},"end":{"line":33,"column":52}},"21":{"start":{"line":34,"column":8},"end":{"line":63,"column":9}},"22":{"start":{"line":35,"column":35},"end":{"line":45,"column":13}},"23":{"start":{"line":46,"column":12},"end":{"line":46,"column":134}},"24":{"start":{"line":48,"column":12},"end":{"line":59,"column":15}},"25":{"start":{"line":61,"column":12},"end":{"line":61,"column":142}},"26":{"start":{"line":62,"column":12},"end":{"line":62,"column":39}},"27":{"start":{"line":67,"column":0},"end":{"line":67,"column":24}}},"fnMap":{"0":{"name":"(anonymous_0)","decl":{"start":{"line":14,"column":16},"end":{"line":14,"column":17}},"loc":{"start":{"line":14,"column":36},"end":{"line":65,"column":1}},"line":14}},"branchMap":{"0":{"loc":{"start":{"line":18,"column":4},"end":{"line":22,"column":5}},"type":"if","locations":[{"start":{"line":18,"column":4},"end":{"line":22,"column":5}},{"start":{"line":18,"column":4},"end":{"line":22,"column":5}}],"line":18},"1":{"loc":{"start":{"line":29,"column":4},"end":{"line":64,"column":5}},"type":"if","locations":[{"start":{"line":29,"column":4},"end":{"line":64,"column":5}},{"start":{"line":29,"column":4},"end":{"line":64,"column":5}}],"line":29}},"s":{"0":1,"1":1,"2":1,"3":1,"4":1,"5":1,"6":1,"7":1,"8":3,"9":3,"10":1,"11":1,"12":1,"13":2,"14":2,"15":2,"16":2,"17":2,"18":1,"19":1,"20":1,"21":1,"22":1,"23":1,"24":1,"25":0,"26":0,"27":1},"f":{"0":3},"b":{"0":[1,2],"1":[1,1]},"_coverageSchema":"1a1c01bbd47fc00a2c39e90264f33305004495a9","hash":"c006856d30d7849b7341700274c15c2b4da6347e","contentHash":"b140ba02087d73e4098d97ee808fdf1d9660b679a0bf1f1c3dd6196623be427a"},"H:\\unimelb\\SWEN90013-MASP\\SWEN90013-2021-ED-Back-End\\routes\\function\\GetTeacherProfile.js":{"path":"H:\\unimelb\\SWEN90013-MASP\\SWEN90013-2021-ED-Back-End\\routes\\function\\GetTeacherProfile.js","statementMap":{"0":{"start":{"line":5,"column":17},"end":{"line":5,"column":42}},"1":{"start":{"line":6,"column":15},"end":{"line":6,"column":30}},"2":{"start":{"line":7,"column":11},"end":{"line":7,"column":29}},"3":{"start":{"line":8,"column":16},"end":{"line":8,"column":32}},"4":{"start":{"line":9,"column":16},"end":{"line":9,"column":34}},"5":{"start":{"line":10,"column":15},"end":{"line":10,"column":31}},"6":{"start":{"line":12,"column":19},"end":{"line":12,"column":52}},"7":{"start":{"line":14,"column":0},"end":{"line":65,"column":3}},"8":{"start":{"line":16,"column":30},"end":{"line":16,"column":54}},"9":{"start":{"line":18,"column":4},"end":{"line":22,"column":5}},"10":{"start":{"line":19,"column":8},"end":{"line":19,"column":45}},"11":{"start":{"line":20,"column":8},"end":{"line":20,"column":63}},"12":{"start":{"line":21,"column":8},"end":{"line":21,"column":15}},"13":{"start":{"line":24,"column":16},"end":{"line":24,"column":31}},"14":{"start":{"line":25,"column":4},"end":{"line":25,"column":23}},"15":{"start":{"line":26,"column":24},"end":{"line":26,"column":50}},"16":{"start":{"line":28,"column":16},"end":{"line":28,"column":39}},"17":{"start":{"line":29,"column":4},"end":{"line":64,"column":5}},"18":{"start":{"line":30,"column":8},"end":{"line":30,"column":43}},"19":{"start":{"line":31,"column":8},"end":{"line":31,"column":70}},"20":{"start":{"line":33,"column":8},"end":{"line":33,"column":52}},"21":{"start":{"line":34,"column":8},"end":{"line":63,"column":9}},"22":{"start":{"line":35,"column":35},"end":{"line":45,"column":13}},"23":{"start":{"line":46,"column":12},"end":{"line":46,"column":134}},"24":{"start":{"line":48,"column":12},"end":{"line":59,"column":15}},"25":{"start":{"line":61,"column":12},"end":{"line":61,"column":142}},"26":{"start":{"line":62,"column":12},"end":{"line":62,"column":39}},"27":{"start":{"line":67,"column":0},"end":{"line":67,"column":24}}},"fnMap":{"0":{"name":"(anonymous_0)","decl":{"start":{"line":14,"column":16},"end":{"line":14,"column":17}},"loc":{"start":{"line":14,"column":36},"end":{"line":65,"column":1}},"line":14}},"branchMap":{"0":{"loc":{"start":{"line":18,"column":4},"end":{"line":22,"column":5}},"type":"if","locations":[{"start":{"line":18,"column":4},"end":{"line":22,"column":5}},{"start":{"line":18,"column":4},"end":{"line":22,"column":5}}],"line":18},"1":{"loc":{"start":{"line":29,"column":4},"end":{"line":64,"column":5}},"type":"if","locations":[{"start":{"line":29,"column":4},"end":{"line":64,"column":5}},{"start":{"line":29,"column":4},"end":{"line":64,"column":5}}],"line":29}},"s":{"0":1,"1":1,"2":1,"3":1,"4":1,"5":1,"6":1,"7":1,"8":3,"9":3,"10":1,"11":1,"12":1,"13":2,"14":2,"15":2,"16":2,"17":2,"18":1,"19":1,"20":1,"21":1,"22":1,"23":1,"24":1,"25":0,"26":0,"27":1},"f":{"0":3},"b":{"0":[1,2],"1":[1,1]},"_coverageSchema":"1a1c01bbd47fc00a2c39e90264f33305004495a9","hash":"474db9b956dc59f339bdb39abddd0c402f378ea2","contentHash":"94db9a0948accc45954ca71d970955e6a53483c66e5de23b2bcf6e6cb9fb4f60"},"H:\\unimelb\\SWEN90013-MASP\\SWEN90013-2021-ED-Back-End\\routes\\function\\TeacherProfileEdit.js":{"path":"H:\\unimelb\\SWEN90013-MASP\\SWEN90013-2021-ED-Back-End\\routes\\function\\TeacherProfileEdit.js","statementMap":{"0":{"start":{"line":1,"column":17},"end":{"line":1,"column":42}},"1":{"start":{"line":2,"column":15},"end":{"line":2,"column":30}},"2":{"start":{"line":3,"column":14},"end":{"line":3,"column":28}},"3":{"start":{"line":4,"column":11},"end":{"line":4,"column":29}},"4":{"start":{"line":5,"column":16},"end":{"line":5,"column":34}},"5":{"start":{"line":6,"column":15},"end":{"line":6,"column":31}},"6":{"start":{"line":7,"column":12},"end":{"line":7,"column":26}},"7":{"start":{"line":8,"column":16},"end":{"line":8,"column":39}},"8":{"start":{"line":10,"column":18},"end":{"line":10,"column":50}},"9":{"start":{"line":11,"column":16},"end":{"line":11,"column":46}},"10":{"start":{"line":12,"column":15},"end":{"line":12,"column":32}},"11":{"start":{"line":13,"column":17},"end":{"line":13,"column":32}},"12":{"start":{"line":15,"column":19},"end":{"line":15,"column":55}},"13":{"start":{"line":17,"column":15},"end":{"line":17,"column":67}},"14":{"start":{"line":19,"column":15},"end":{"line":24,"column":2}},"15":{"start":{"line":26,"column":0},"end":{"line":64,"column":3}},"16":{"start":{"line":27,"column":4},"end":{"line":30,"column":5}},"17":{"start":{"line":28,"column":8},"end":{"line":28,"column":50}},"18":{"start":{"line":29,"column":8},"end":{"line":29,"column":15}},"19":{"start":{"line":32,"column":4},"end":{"line":36,"column":5}},"20":{"start":{"line":33,"column":8},"end":{"line":33,"column":45}},"21":{"start":{"line":34,"column":8},"end":{"line":34,"column":63}},"22":{"start":{"line":35,"column":8},"end":{"line":35,"column":15}},"23":{"start":{"line":38,"column":17},"end":{"line":38,"column":51}},"24":{"start":{"line":39,"column":23},"end":{"line":41,"column":6}},"25":{"start":{"line":43,"column":4},"end":{"line":45,"column":7}},"26":{"start":{"line":44,"column":8},"end":{"line":44,"column":18}},"27":{"start":{"line":47,"column":4},"end":{"line":61,"column":7}},"28":{"start":{"line":48,"column":26},"end":{"line":50,"column":9}},"29":{"start":{"line":51,"column":23},"end":{"line":51,"column":68}},"30":{"start":{"line":52,"column":8},"end":{"line":59,"column":9}},"31":{"start":{"line":53,"column":12},"end":{"line":55,"column":15}},"32":{"start":{"line":57,"column":12},"end":{"line":57,"column":81}},"33":{"start":{"line":58,"column":12},"end":{"line":58,"column":19}},"34":{"start":{"line":60,"column":8},"end":{"line":60,"column":40}},"35":{"start":{"line":62,"column":4},"end":{"line":62,"column":36}},"36":{"start":{"line":66,"column":0},"end":{"line":125,"column":3}},"37":{"start":{"line":68,"column":19},"end":{"line":74,"column":6}},"38":{"start":{"line":76,"column":19},"end":{"line":76,"column":44}},"39":{"start":{"line":77,"column":4},"end":{"line":80,"column":5}},"40":{"start":{"line":78,"column":8},"end":{"line":78,"column":73}},"41":{"start":{"line":79,"column":8},"end":{"line":79,"column":15}},"42":{"start":{"line":81,"column":4},"end":{"line":81,"column":72}},"43":{"start":{"line":84,"column":4},"end":{"line":124,"column":5}},"44":{"start":{"line":86,"column":23},"end":{"line":86,"column":65}},"45":{"start":{"line":87,"column":20},"end":{"line":87,"column":38}},"46":{"start":{"line":89,"column":8},"end":{"line":92,"column":9}},"47":{"start":{"line":90,"column":12},"end":{"line":90,"column":87}},"48":{"start":{"line":91,"column":12},"end":{"line":91,"column":19}},"49":{"start":{"line":94,"column":24},"end":{"line":94,"column":86}},"50":{"start":{"line":95,"column":23},"end":{"line":95,"column":82}},"51":{"start":{"line":96,"column":24},"end":{"line":96,"column":86}},"52":{"start":{"line":97,"column":21},"end":{"line":97,"column":74}},"53":{"start":{"line":104,"column":8},"end":{"line":115,"column":9}},"54":{"start":{"line":105,"column":12},"end":{"line":110,"column":15}},"55":{"start":{"line":111,"column":12},"end":{"line":111,"column":42}},"56":{"start":{"line":113,"column":12},"end":{"line":113,"column":77}},"57":{"start":{"line":114,"column":12},"end":{"line":114,"column":19}},"58":{"start":{"line":118,"column":20},"end":{"line":121,"column":9}},"59":{"start":{"line":122,"column":8},"end":{"line":122,"column":34}},"60":{"start":{"line":123,"column":8},"end":{"line":123,"column":15}},"61":{"start":{"line":127,"column":0},"end":{"line":127,"column":24}}},"fnMap":{"0":{"name":"(anonymous_0)","decl":{"start":{"line":26,"column":53},"end":{"line":26,"column":54}},"loc":{"start":{"line":26,"column":73},"end":{"line":64,"column":1}},"line":26},"1":{"name":"(anonymous_1)","decl":{"start":{"line":43,"column":27},"end":{"line":43,"column":28}},"loc":{"start":{"line":43,"column":34},"end":{"line":45,"column":5}},"line":43},"2":{"name":"(anonymous_2)","decl":{"start":{"line":47,"column":28},"end":{"line":47,"column":29}},"loc":{"start":{"line":47,"column":40},"end":{"line":61,"column":5}},"line":47},"3":{"name":"(anonymous_3)","decl":{"start":{"line":66,"column":17},"end":{"line":66,"column":18}},"loc":{"start":{"line":66,"column":37},"end":{"line":125,"column":1}},"line":66}},"branchMap":{"0":{"loc":{"start":{"line":27,"column":4},"end":{"line":30,"column":5}},"type":"if","locations":[{"start":{"line":27,"column":4},"end":{"line":30,"column":5}},{"start":{"line":27,"column":4},"end":{"line":30,"column":5}}],"line":27},"1":{"loc":{"start":{"line":32,"column":4},"end":{"line":36,"column":5}},"type":"if","locations":[{"start":{"line":32,"column":4},"end":{"line":36,"column":5}},{"start":{"line":32,"column":4},"end":{"line":36,"column":5}}],"line":32},"2":{"loc":{"start":{"line":77,"column":4},"end":{"line":80,"column":5}},"type":"if","locations":[{"start":{"line":77,"column":4},"end":{"line":80,"column":5}},{"start":{"line":77,"column":4},"end":{"line":80,"column":5}}],"line":77},"3":{"loc":{"start":{"line":89,"column":8},"end":{"line":92,"column":9}},"type":"if","locations":[{"start":{"line":89,"column":8},"end":{"line":92,"column":9}},{"start":{"line":89,"column":8},"end":{"line":92,"column":9}}],"line":89},"4":{"loc":{"start":{"line":94,"column":24},"end":{"line":94,"column":86}},"type":"cond-expr","locations":[{"start":{"line":94,"column":45},"end":{"line":94,"column":63}},{"start":{"line":94,"column":66},"end":{"line":94,"column":86}}],"line":94},"5":{"loc":{"start":{"line":95,"column":23},"end":{"line":95,"column":82}},"type":"cond-expr","locations":[{"start":{"line":95,"column":43},"end":{"line":95,"column":60}},{"start":{"line":95,"column":63},"end":{"line":95,"column":82}}],"line":95},"6":{"loc":{"start":{"line":96,"column":24},"end":{"line":96,"column":86}},"type":"cond-expr","locations":[{"start":{"line":96,"column":45},"end":{"line":96,"column":63}},{"start":{"line":96,"column":66},"end":{"line":96,"column":86}}],"line":96},"7":{"loc":{"start":{"line":97,"column":21},"end":{"line":97,"column":74}},"type":"cond-expr","locations":[{"start":{"line":97,"column":39},"end":{"line":97,"column":54}},{"start":{"line":97,"column":57},"end":{"line":97,"column":74}}],"line":97}},"s":{"0":1,"1":1,"2":1,"3":1,"4":1,"5":1,"6":1,"7":1,"8":1,"9":1,"10":1,"11":1,"12":1,"13":1,"14":1,"15":1,"16":0,"17":0,"18":0,"19":0,"20":0,"21":0,"22":0,"23":0,"24":0,"25":0,"26":0,"27":0,"28":0,"29":0,"30":0,"31":0,"32":0,"33":0,"34":0,"35":0,"36":1,"37":3,"38":3,"39":3,"40":1,"41":1,"42":2,"43":2,"44":2,"45":2,"46":2,"47":1,"48":1,"49":1,"50":1,"51":1,"52":1,"53":1,"54":1,"55":1,"56":0,"57":0,"58":0,"59":0,"60":0,"61":1},"f":{"0":0,"1":0,"2":0,"3":3},"b":{"0":[0,0],"1":[0,0],"2":[1,2],"3":[1,1],"4":[1,0],"5":[1,0],"6":[0,1],"7":[1,0]},"_coverageSchema":"1a1c01bbd47fc00a2c39e90264f33305004495a9","hash":"5b32fee43604d22f4c40171e9521313c447f33e0","contentHash":"8e12dffa6c42d0c9557ec4e10bb16b8d27511764fe863284ae6b12a37b23bde5"},"H:\\unimelb\\SWEN90013-MASP\\SWEN90013-2021-ED-Back-End\\routes\\function\\StudentProfileEdit.js":{"path":"H:\\unimelb\\SWEN90013-MASP\\SWEN90013-2021-ED-Back-End\\routes\\function\\StudentProfileEdit.js","statementMap":{"0":{"start":{"line":1,"column":17},"end":{"line":1,"column":42}},"1":{"start":{"line":2,"column":15},"end":{"line":2,"column":30}},"2":{"start":{"line":3,"column":14},"end":{"line":3,"column":28}},"3":{"start":{"line":4,"column":11},"end":{"line":4,"column":29}},"4":{"start":{"line":5,"column":16},"end":{"line":5,"column":34}},"5":{"start":{"line":6,"column":15},"end":{"line":6,"column":31}},"6":{"start":{"line":7,"column":12},"end":{"line":7,"column":26}},"7":{"start":{"line":8,"column":16},"end":{"line":8,"column":39}},"8":{"start":{"line":10,"column":18},"end":{"line":10,"column":50}},"9":{"start":{"line":11,"column":16},"end":{"line":11,"column":46}},"10":{"start":{"line":12,"column":15},"end":{"line":12,"column":32}},"11":{"start":{"line":13,"column":17},"end":{"line":13,"column":32}},"12":{"start":{"line":14,"column":12},"end":{"line":14,"column":21}},"13":{"start":{"line":16,"column":19},"end":{"line":16,"column":55}},"14":{"start":{"line":17,"column":15},"end":{"line":17,"column":67}},"15":{"start":{"line":19,"column":15},"end":{"line":24,"column":2}},"16":{"start":{"line":26,"column":0},"end":{"line":64,"column":3}},"17":{"start":{"line":27,"column":4},"end":{"line":30,"column":5}},"18":{"start":{"line":28,"column":8},"end":{"line":28,"column":50}},"19":{"start":{"line":29,"column":8},"end":{"line":29,"column":15}},"20":{"start":{"line":32,"column":4},"end":{"line":36,"column":5}},"21":{"start":{"line":33,"column":8},"end":{"line":33,"column":45}},"22":{"start":{"line":34,"column":8},"end":{"line":34,"column":63}},"23":{"start":{"line":35,"column":8},"end":{"line":35,"column":15}},"24":{"start":{"line":38,"column":17},"end":{"line":38,"column":51}},"25":{"start":{"line":39,"column":23},"end":{"line":41,"column":6}},"26":{"start":{"line":43,"column":4},"end":{"line":45,"column":7}},"27":{"start":{"line":44,"column":8},"end":{"line":44,"column":18}},"28":{"start":{"line":47,"column":4},"end":{"line":61,"column":7}},"29":{"start":{"line":48,"column":26},"end":{"line":50,"column":9}},"30":{"start":{"line":51,"column":23},"end":{"line":51,"column":68}},"31":{"start":{"line":52,"column":8},"end":{"line":59,"column":9}},"32":{"start":{"line":53,"column":12},"end":{"line":55,"column":15}},"33":{"start":{"line":57,"column":12},"end":{"line":57,"column":81}},"34":{"start":{"line":58,"column":12},"end":{"line":58,"column":19}},"35":{"start":{"line":60,"column":8},"end":{"line":60,"column":40}},"36":{"start":{"line":62,"column":4},"end":{"line":62,"column":36}},"37":{"start":{"line":66,"column":0},"end":{"line":128,"column":3}},"38":{"start":{"line":68,"column":19},"end":{"line":75,"column":6}},"39":{"start":{"line":77,"column":19},"end":{"line":77,"column":44}},"40":{"start":{"line":78,"column":4},"end":{"line":81,"column":5}},"41":{"start":{"line":79,"column":8},"end":{"line":79,"column":73}},"42":{"start":{"line":80,"column":8},"end":{"line":80,"column":15}},"43":{"start":{"line":82,"column":4},"end":{"line":82,"column":72}},"44":{"start":{"line":84,"column":4},"end":{"line":127,"column":5}},"45":{"start":{"line":86,"column":23},"end":{"line":86,"column":65}},"46":{"start":{"line":87,"column":20},"end":{"line":87,"column":38}},"47":{"start":{"line":89,"column":8},"end":{"line":92,"column":9}},"48":{"start":{"line":90,"column":12},"end":{"line":90,"column":87}},"49":{"start":{"line":91,"column":12},"end":{"line":91,"column":19}},"50":{"start":{"line":94,"column":24},"end":{"line":94,"column":86}},"51":{"start":{"line":95,"column":23},"end":{"line":95,"column":82}},"52":{"start":{"line":96,"column":24},"end":{"line":96,"column":86}},"53":{"start":{"line":97,"column":27},"end":{"line":97,"column":98}},"54":{"start":{"line":98,"column":25},"end":{"line":98,"column":90}},"55":{"start":{"line":105,"column":8},"end":{"line":117,"column":9}},"56":{"start":{"line":106,"column":12},"end":{"line":112,"column":15}},"57":{"start":{"line":113,"column":12},"end":{"line":113,"column":42}},"58":{"start":{"line":115,"column":12},"end":{"line":115,"column":77}},"59":{"start":{"line":116,"column":12},"end":{"line":116,"column":19}},"60":{"start":{"line":121,"column":20},"end":{"line":124,"column":9}},"61":{"start":{"line":125,"column":8},"end":{"line":125,"column":34}},"62":{"start":{"line":126,"column":8},"end":{"line":126,"column":15}},"63":{"start":{"line":130,"column":0},"end":{"line":130,"column":24}}},"fnMap":{"0":{"name":"(anonymous_0)","decl":{"start":{"line":26,"column":53},"end":{"line":26,"column":54}},"loc":{"start":{"line":26,"column":73},"end":{"line":64,"column":1}},"line":26},"1":{"name":"(anonymous_1)","decl":{"start":{"line":43,"column":27},"end":{"line":43,"column":28}},"loc":{"start":{"line":43,"column":34},"end":{"line":45,"column":5}},"line":43},"2":{"name":"(anonymous_2)","decl":{"start":{"line":47,"column":28},"end":{"line":47,"column":29}},"loc":{"start":{"line":47,"column":40},"end":{"line":61,"column":5}},"line":47},"3":{"name":"(anonymous_3)","decl":{"start":{"line":66,"column":17},"end":{"line":66,"column":18}},"loc":{"start":{"line":66,"column":37},"end":{"line":128,"column":1}},"line":66}},"branchMap":{"0":{"loc":{"start":{"line":27,"column":4},"end":{"line":30,"column":5}},"type":"if","locations":[{"start":{"line":27,"column":4},"end":{"line":30,"column":5}},{"start":{"line":27,"column":4},"end":{"line":30,"column":5}}],"line":27},"1":{"loc":{"start":{"line":32,"column":4},"end":{"line":36,"column":5}},"type":"if","locations":[{"start":{"line":32,"column":4},"end":{"line":36,"column":5}},{"start":{"line":32,"column":4},"end":{"line":36,"column":5}}],"line":32},"2":{"loc":{"start":{"line":78,"column":4},"end":{"line":81,"column":5}},"type":"if","locations":[{"start":{"line":78,"column":4},"end":{"line":81,"column":5}},{"start":{"line":78,"column":4},"end":{"line":81,"column":5}}],"line":78},"3":{"loc":{"start":{"line":89,"column":8},"end":{"line":92,"column":9}},"type":"if","locations":[{"start":{"line":89,"column":8},"end":{"line":92,"column":9}},{"start":{"line":89,"column":8},"end":{"line":92,"column":9}}],"line":89},"4":{"loc":{"start":{"line":94,"column":24},"end":{"line":94,"column":86}},"type":"cond-expr","locations":[{"start":{"line":94,"column":45},"end":{"line":94,"column":63}},{"start":{"line":94,"column":66},"end":{"line":94,"column":86}}],"line":94},"5":{"loc":{"start":{"line":95,"column":23},"end":{"line":95,"column":82}},"type":"cond-expr","locations":[{"start":{"line":95,"column":43},"end":{"line":95,"column":60}},{"start":{"line":95,"column":63},"end":{"line":95,"column":82}}],"line":95},"6":{"loc":{"start":{"line":96,"column":24},"end":{"line":96,"column":86}},"type":"cond-expr","locations":[{"start":{"line":96,"column":45},"end":{"line":96,"column":63}},{"start":{"line":96,"column":66},"end":{"line":96,"column":86}}],"line":96},"7":{"loc":{"start":{"line":97,"column":27},"end":{"line":97,"column":98}},"type":"cond-expr","locations":[{"start":{"line":97,"column":51},"end":{"line":97,"column":72}},{"start":{"line":97,"column":75},"end":{"line":97,"column":98}}],"line":97},"8":{"loc":{"start":{"line":98,"column":25},"end":{"line":98,"column":90}},"type":"cond-expr","locations":[{"start":{"line":98,"column":47},"end":{"line":98,"column":66}},{"start":{"line":98,"column":69},"end":{"line":98,"column":90}}],"line":98}},"s":{"0":1,"1":1,"2":1,"3":1,"4":1,"5":1,"6":1,"7":1,"8":1,"9":1,"10":1,"11":1,"12":1,"13":1,"14":1,"15":1,"16":1,"17":0,"18":0,"19":0,"20":0,"21":0,"22":0,"23":0,"24":0,"25":0,"26":0,"27":0,"28":0,"29":0,"30":0,"31":0,"32":0,"33":0,"34":0,"35":0,"36":0,"37":1,"38":3,"39":3,"40":3,"41":1,"42":1,"43":2,"44":2,"45":2,"46":2,"47":2,"48":1,"49":1,"50":1,"51":1,"52":1,"53":1,"54":1,"55":1,"56":1,"57":1,"58":0,"59":0,"60":0,"61":0,"62":0,"63":1},"f":{"0":0,"1":0,"2":0,"3":3},"b":{"0":[0,0],"1":[0,0],"2":[1,2],"3":[1,1],"4":[1,0],"5":[1,0],"6":[0,1],"7":[1,0],"8":[1,0]},"_coverageSchema":"1a1c01bbd47fc00a2c39e90264f33305004495a9","hash":"cdd008746955e12fb97fb95c197d60a2149d1862","contentHash":"80a69a6947a9b50ae4f4ae3c5f714569d76b6b76ddf709ddff18b5fa42378c26"},"H:\\unimelb\\SWEN90013-MASP\\SWEN90013-2021-ED-Back-End\\routes\\function\\ProfileEditPassword.js":{"path":"H:\\unimelb\\SWEN90013-MASP\\SWEN90013-2021-ED-Back-End\\routes\\function\\ProfileEditPassword.js","statementMap":{"0":{"start":{"line":1,"column":17},"end":{"line":1,"column":42}},"1":{"start":{"line":2,"column":15},"end":{"line":2,"column":30}},"2":{"start":{"line":3,"column":14},"end":{"line":3,"column":28}},"3":{"start":{"line":4,"column":16},"end":{"line":4,"column":34}},"4":{"start":{"line":5,"column":15},"end":{"line":5,"column":31}},"5":{"start":{"line":6,"column":12},"end":{"line":6,"column":26}},"6":{"start":{"line":8,"column":0},"end":{"line":41,"column":3}},"7":{"start":{"line":9,"column":4},"end":{"line":12,"column":5}},"8":{"start":{"line":10,"column":8},"end":{"line":10,"column":60}},"9":{"start":{"line":11,"column":8},"end":{"line":11,"column":15}},"10":{"start":{"line":13,"column":4},"end":{"line":16,"column":5}},"11":{"start":{"line":14,"column":8},"end":{"line":14,"column":65}},"12":{"start":{"line":15,"column":8},"end":{"line":15,"column":15}},"13":{"start":{"line":26,"column":24},"end":{"line":26,"column":41}},"14":{"start":{"line":27,"column":17},"end":{"line":27,"column":29}},"15":{"start":{"line":29,"column":4},"end":{"line":32,"column":5}},"16":{"start":{"line":30,"column":8},"end":{"line":30,"column":106}},"17":{"start":{"line":31,"column":8},"end":{"line":31,"column":15}},"18":{"start":{"line":33,"column":4},"end":{"line":39,"column":5}},"19":{"start":{"line":34,"column":8},"end":{"line":34,"column":79}},"20":{"start":{"line":37,"column":8},"end":{"line":37,"column":110}},"21":{"start":{"line":38,"column":8},"end":{"line":38,"column":15}},"22":{"start":{"line":40,"column":4},"end":{"line":40,"column":92}},"23":{"start":{"line":43,"column":0},"end":{"line":43,"column":24}}},"fnMap":{"0":{"name":"(anonymous_0)","decl":{"start":{"line":8,"column":17},"end":{"line":8,"column":18}},"loc":{"start":{"line":8,"column":37},"end":{"line":41,"column":1}},"line":8}},"branchMap":{"0":{"loc":{"start":{"line":9,"column":4},"end":{"line":12,"column":5}},"type":"if","locations":[{"start":{"line":9,"column":4},"end":{"line":12,"column":5}},{"start":{"line":9,"column":4},"end":{"line":12,"column":5}}],"line":9},"1":{"loc":{"start":{"line":13,"column":4},"end":{"line":16,"column":5}},"type":"if","locations":[{"start":{"line":13,"column":4},"end":{"line":16,"column":5}},{"start":{"line":13,"column":4},"end":{"line":16,"column":5}}],"line":13},"2":{"loc":{"start":{"line":29,"column":4},"end":{"line":32,"column":5}},"type":"if","locations":[{"start":{"line":29,"column":4},"end":{"line":32,"column":5}},{"start":{"line":29,"column":4},"end":{"line":32,"column":5}}],"line":29}},"s":{"0":1,"1":1,"2":1,"3":1,"4":1,"5":1,"6":1,"7":4,"8":1,"9":1,"10":3,"11":1,"12":1,"13":2,"14":2,"15":2,"16":0,"17":0,"18":2,"19":2,"20":0,"21":0,"22":2,"23":1},"f":{"0":4},"b":{"0":[1,3],"1":[1,2],"2":[0,2]},"_coverageSchema":"1a1c01bbd47fc00a2c39e90264f33305004495a9","hash":"efc0cb9a53f08f7d2b9b4083601f75975b30f605","contentHash":"93cb762c3debed992fd460429c702f10a103e6954c1d6163e2946b9d94628709"},"H:\\unimelb\\SWEN90013-MASP\\SWEN90013-2021-ED-Back-End\\routes\\class\\ClassInfo.js":{"path":"H:\\unimelb\\SWEN90013-MASP\\SWEN90013-2021-ED-Back-End\\routes\\class\\ClassInfo.js","statementMap":{"0":{"start":{"line":1,"column":17},"end":{"line":1,"column":42}},"1":{"start":{"line":2,"column":15},"end":{"line":2,"column":30}},"2":{"start":{"line":3,"column":14},"end":{"line":3,"column":28}},"3":{"start":{"line":4,"column":18},"end":{"line":4,"column":36}},"4":{"start":{"line":5,"column":16},"end":{"line":5,"column":34}},"5":{"start":{"line":6,"column":15},"end":{"line":6,"column":31}},"6":{"start":{"line":7,"column":20},"end":{"line":7,"column":55}},"7":{"start":{"line":8,"column":16},"end":{"line":8,"column":47}},"8":{"start":{"line":9,"column":20},"end":{"line":9,"column":55}},"9":{"start":{"line":12,"column":0},"end":{"line":76,"column":3}},"10":{"start":{"line":13,"column":16},"end":{"line":13,"column":31}},"11":{"start":{"line":15,"column":4},"end":{"line":18,"column":5}},"12":{"start":{"line":16,"column":8},"end":{"line":16,"column":81}},"13":{"start":{"line":17,"column":8},"end":{"line":17,"column":15}},"14":{"start":{"line":20,"column":20},"end":{"line":20,"column":72}},"15":{"start":{"line":21,"column":4},"end":{"line":24,"column":5}},"16":{"start":{"line":22,"column":8},"end":{"line":22,"column":109}},"17":{"start":{"line":23,"column":8},"end":{"line":23,"column":15}},"18":{"start":{"line":25,"column":21},"end":{"line":25,"column":47}},"19":{"start":{"line":26,"column":18},"end":{"line":26,"column":20}},"20":{"start":{"line":27,"column":4},"end":{"line":41,"column":5}},"21":{"start":{"line":27,"column":17},"end":{"line":27,"column":18}},"22":{"start":{"line":28,"column":23},"end":{"line":28,"column":81}},"23":{"start":{"line":29,"column":8},"end":{"line":40,"column":10}},"24":{"start":{"line":42,"column":18},"end":{"line":42,"column":34}},"25":{"start":{"line":43,"column":21},"end":{"line":43,"column":33}},"26":{"start":{"line":44,"column":19},"end":{"line":47,"column":5}},"27":{"start":{"line":49,"column":4},"end":{"line":74,"column":5}},"28":{"start":{"line":50,"column":8},"end":{"line":54,"column":9}},"29":{"start":{"line":51,"column":12},"end":{"line":51,"column":148}},"30":{"start":{"line":52,"column":12},"end":{"line":52,"column":29}},"31":{"start":{"line":53,"column":12},"end":{"line":53,"column":19}},"32":{"start":{"line":55,"column":8},"end":{"line":59,"column":9}},"33":{"start":{"line":56,"column":12},"end":{"line":56,"column":157}},"34":{"start":{"line":57,"column":12},"end":{"line":57,"column":29}},"35":{"start":{"line":58,"column":12},"end":{"line":58,"column":19}},"36":{"start":{"line":60,"column":8},"end":{"line":70,"column":11}},"37":{"start":{"line":61,"column":12},"end":{"line":69,"column":13}},"38":{"start":{"line":62,"column":16},"end":{"line":62,"column":101}},"39":{"start":{"line":64,"column":17},"end":{"line":69,"column":13}},"40":{"start":{"line":65,"column":16},"end":{"line":65,"column":109}},"41":{"start":{"line":67,"column":17},"end":{"line":69,"column":13}},"42":{"start":{"line":68,"column":16},"end":{"line":68,"column":105}},"43":{"start":{"line":71,"column":8},"end":{"line":71,"column":79}},"44":{"start":{"line":72,"column":8},"end":{"line":72,"column":25}},"45":{"start":{"line":73,"column":8},"end":{"line":73,"column":15}},"46":{"start":{"line":75,"column":4},"end":{"line":75,"column":21}},"47":{"start":{"line":79,"column":0},"end":{"line":103,"column":3}},"48":{"start":{"line":80,"column":16},"end":{"line":80,"column":31}},"49":{"start":{"line":81,"column":4},"end":{"line":84,"column":5}},"50":{"start":{"line":82,"column":8},"end":{"line":82,"column":75}},"51":{"start":{"line":83,"column":8},"end":{"line":83,"column":15}},"52":{"start":{"line":85,"column":24},"end":{"line":85,"column":74}},"53":{"start":{"line":86,"column":4},"end":{"line":89,"column":5}},"54":{"start":{"line":87,"column":8},"end":{"line":87,"column":109}},"55":{"start":{"line":88,"column":8},"end":{"line":88,"column":15}},"56":{"start":{"line":90,"column":19},"end":{"line":101,"column":5}},"57":{"start":{"line":102,"column":4},"end":{"line":102,"column":21}},"58":{"start":{"line":105,"column":0},"end":{"line":153,"column":3}},"59":{"start":{"line":106,"column":16},"end":{"line":106,"column":31}},"60":{"start":{"line":107,"column":4},"end":{"line":110,"column":5}},"61":{"start":{"line":108,"column":8},"end":{"line":108,"column":75}},"62":{"start":{"line":109,"column":8},"end":{"line":109,"column":15}},"63":{"start":{"line":111,"column":24},"end":{"line":111,"column":74}},"64":{"start":{"line":112,"column":4},"end":{"line":115,"column":5}},"65":{"start":{"line":113,"column":8},"end":{"line":113,"column":109}},"66":{"start":{"line":114,"column":8},"end":{"line":114,"column":15}},"67":{"start":{"line":116,"column":23},"end":{"line":116,"column":50}},"68":{"start":{"line":117,"column":21},"end":{"line":117,"column":23}},"69":{"start":{"line":118,"column":4},"end":{"line":151,"column":5}},"70":{"start":{"line":118,"column":17},"end":{"line":118,"column":18}},"71":{"start":{"line":119,"column":24},"end":{"line":119,"column":86}},"72":{"start":{"line":136,"column":8},"end":{"line":150,"column":9}},"73":{"start":{"line":152,"column":4},"end":{"line":152,"column":35}},"74":{"start":{"line":155,"column":0},"end":{"line":272,"column":3}},"75":{"start":{"line":156,"column":16},"end":{"line":156,"column":31}},"76":{"start":{"line":157,"column":4},"end":{"line":160,"column":5}},"77":{"start":{"line":158,"column":8},"end":{"line":158,"column":77}},"78":{"start":{"line":159,"column":8},"end":{"line":159,"column":15}},"79":{"start":{"line":161,"column":20},"end":{"line":161,"column":72}},"80":{"start":{"line":162,"column":4},"end":{"line":165,"column":5}},"81":{"start":{"line":163,"column":8},"end":{"line":163,"column":109}},"82":{"start":{"line":164,"column":8},"end":{"line":164,"column":15}},"83":{"start":{"line":166,"column":28},"end":{"line":166,"column":75}},"84":{"start":{"line":167,"column":4},"end":{"line":169,"column":5}},"85":{"start":{"line":168,"column":8},"end":{"line":168,"column":38}},"86":{"start":{"line":170,"column":20},"end":{"line":170,"column":46}},"87":{"start":{"line":171,"column":23},"end":{"line":171,"column":25}},"88":{"start":{"line":174,"column":4},"end":{"line":182,"column":5}},"89":{"start":{"line":175,"column":8},"end":{"line":175,"column":106}},"90":{"start":{"line":178,"column":8},"end":{"line":181,"column":46}},"91":{"start":{"line":183,"column":31},"end":{"line":183,"column":47}},"92":{"start":{"line":184,"column":4},"end":{"line":223,"column":5}},"93":{"start":{"line":184,"column":17},"end":{"line":184,"column":18}},"94":{"start":{"line":185,"column":20},"end":{"line":185,"column":41}},"95":{"start":{"line":186,"column":27},"end":{"line":186,"column":94}},"96":{"start":{"line":187,"column":24},"end":{"line":202,"column":9}},"97":{"start":{"line":203,"column":31},"end":{"line":203,"column":100}},"98":{"start":{"line":204,"column":28},"end":{"line":215,"column":9}},"99":{"start":{"line":216,"column":8},"end":{"line":222,"column":11}},"100":{"start":{"line":271,"column":4},"end":{"line":271,"column":27}},"101":{"start":{"line":274,"column":0},"end":{"line":274,"column":24}}},"fnMap":{"0":{"name":"(anonymous_0)","decl":{"start":{"line":12,"column":16},"end":{"line":12,"column":17}},"loc":{"start":{"line":12,"column":36},"end":{"line":76,"column":1}},"line":12},"1":{"name":"(anonymous_1)","decl":{"start":{"line":60,"column":21},"end":{"line":60,"column":22}},"loc":{"start":{"line":60,"column":31},"end":{"line":70,"column":9}},"line":60},"2":{"name":"(anonymous_2)","decl":{"start":{"line":79,"column":22},"end":{"line":79,"column":23}},"loc":{"start":{"line":79,"column":42},"end":{"line":103,"column":1}},"line":79},"3":{"name":"(anonymous_3)","decl":{"start":{"line":105,"column":24},"end":{"line":105,"column":25}},"loc":{"start":{"line":105,"column":44},"end":{"line":153,"column":1}},"line":105},"4":{"name":"(anonymous_4)","decl":{"start":{"line":155,"column":28},"end":{"line":155,"column":29}},"loc":{"start":{"line":155,"column":48},"end":{"line":272,"column":1}},"line":155}},"branchMap":{"0":{"loc":{"start":{"line":15,"column":4},"end":{"line":18,"column":5}},"type":"if","locations":[{"start":{"line":15,"column":4},"end":{"line":18,"column":5}},{"start":{"line":15,"column":4},"end":{"line":18,"column":5}}],"line":15},"1":{"loc":{"start":{"line":21,"column":4},"end":{"line":24,"column":5}},"type":"if","locations":[{"start":{"line":21,"column":4},"end":{"line":24,"column":5}},{"start":{"line":21,"column":4},"end":{"line":24,"column":5}}],"line":21},"2":{"loc":{"start":{"line":49,"column":4},"end":{"line":74,"column":5}},"type":"if","locations":[{"start":{"line":49,"column":4},"end":{"line":74,"column":5}},{"start":{"line":49,"column":4},"end":{"line":74,"column":5}}],"line":49},"3":{"loc":{"start":{"line":49,"column":8},"end":{"line":49,"column":25}},"type":"binary-expr","locations":[{"start":{"line":49,"column":8},"end":{"line":49,"column":13}},{"start":{"line":49,"column":17},"end":{"line":49,"column":25}}],"line":49},"4":{"loc":{"start":{"line":50,"column":8},"end":{"line":54,"column":9}},"type":"if","locations":[{"start":{"line":50,"column":8},"end":{"line":54,"column":9}},{"start":{"line":50,"column":8},"end":{"line":54,"column":9}}],"line":50},"5":{"loc":{"start":{"line":55,"column":8},"end":{"line":59,"column":9}},"type":"if","locations":[{"start":{"line":55,"column":8},"end":{"line":59,"column":9}},{"start":{"line":55,"column":8},"end":{"line":59,"column":9}}],"line":55},"6":{"loc":{"start":{"line":61,"column":12},"end":{"line":69,"column":13}},"type":"if","locations":[{"start":{"line":61,"column":12},"end":{"line":69,"column":13}},{"start":{"line":61,"column":12},"end":{"line":69,"column":13}}],"line":61},"7":{"loc":{"start":{"line":62,"column":23},"end":{"line":62,"column":100}},"type":"cond-expr","locations":[{"start":{"line":62,"column":41},"end":{"line":62,"column":69}},{"start":{"line":62,"column":72},"end":{"line":62,"column":100}}],"line":62},"8":{"loc":{"start":{"line":64,"column":17},"end":{"line":69,"column":13}},"type":"if","locations":[{"start":{"line":64,"column":17},"end":{"line":69,"column":13}},{"start":{"line":64,"column":17},"end":{"line":69,"column":13}}],"line":64},"9":{"loc":{"start":{"line":65,"column":23},"end":{"line":65,"column":108}},"type":"cond-expr","locations":[{"start":{"line":65,"column":41},"end":{"line":65,"column":73}},{"start":{"line":65,"column":76},"end":{"line":65,"column":108}}],"line":65},"10":{"loc":{"start":{"line":67,"column":17},"end":{"line":69,"column":13}},"type":"if","locations":[{"start":{"line":67,"column":17},"end":{"line":69,"column":13}},{"start":{"line":67,"column":17},"end":{"line":69,"column":13}}],"line":67},"11":{"loc":{"start":{"line":68,"column":23},"end":{"line":68,"column":104}},"type":"cond-expr","locations":[{"start":{"line":68,"column":41},"end":{"line":68,"column":71}},{"start":{"line":68,"column":74},"end":{"line":68,"column":104}}],"line":68},"12":{"loc":{"start":{"line":81,"column":4},"end":{"line":84,"column":5}},"type":"if","locations":[{"start":{"line":81,"column":4},"end":{"line":84,"column":5}},{"start":{"line":81,"column":4},"end":{"line":84,"column":5}}],"line":81},"13":{"loc":{"start":{"line":86,"column":4},"end":{"line":89,"column":5}},"type":"if","locations":[{"start":{"line":86,"column":4},"end":{"line":89,"column":5}},{"start":{"line":86,"column":4},"end":{"line":89,"column":5}}],"line":86},"14":{"loc":{"start":{"line":107,"column":4},"end":{"line":110,"column":5}},"type":"if","locations":[{"start":{"line":107,"column":4},"end":{"line":110,"column":5}},{"start":{"line":107,"column":4},"end":{"line":110,"column":5}}],"line":107},"15":{"loc":{"start":{"line":112,"column":4},"end":{"line":115,"column":5}},"type":"if","locations":[{"start":{"line":112,"column":4},"end":{"line":115,"column":5}},{"start":{"line":112,"column":4},"end":{"line":115,"column":5}}],"line":112},"16":{"loc":{"start":{"line":157,"column":4},"end":{"line":160,"column":5}},"type":"if","locations":[{"start":{"line":157,"column":4},"end":{"line":160,"column":5}},{"start":{"line":157,"column":4},"end":{"line":160,"column":5}}],"line":157},"17":{"loc":{"start":{"line":162,"column":4},"end":{"line":165,"column":5}},"type":"if","locations":[{"start":{"line":162,"column":4},"end":{"line":165,"column":5}},{"start":{"line":162,"column":4},"end":{"line":165,"column":5}}],"line":162},"18":{"loc":{"start":{"line":166,"column":28},"end":{"line":166,"column":75}},"type":"cond-expr","locations":[{"start":{"line":166,"column":47},"end":{"line":166,"column":63}},{"start":{"line":166,"column":66},"end":{"line":166,"column":75}}],"line":166},"19":{"loc":{"start":{"line":167,"column":4},"end":{"line":169,"column":5}},"type":"if","locations":[{"start":{"line":167,"column":4},"end":{"line":169,"column":5}},{"start":{"line":167,"column":4},"end":{"line":169,"column":5}}],"line":167},"20":{"loc":{"start":{"line":174,"column":4},"end":{"line":182,"column":5}},"type":"if","locations":[{"start":{"line":174,"column":4},"end":{"line":182,"column":5}},{"start":{"line":174,"column":4},"end":{"line":182,"column":5}}],"line":174}},"s":{"0":1,"1":1,"2":1,"3":1,"4":1,"5":1,"6":1,"7":1,"8":1,"9":1,"10":11,"11":11,"12":1,"13":1,"14":10,"15":10,"16":1,"17":1,"18":9,"19":9,"20":9,"21":9,"22":9,"23":9,"24":9,"25":9,"26":9,"27":9,"28":8,"29":1,"30":1,"31":1,"32":7,"33":1,"34":1,"35":1,"36":6,"37":0,"38":0,"39":0,"40":0,"41":0,"42":0,"43":6,"44":6,"45":6,"46":1,"47":1,"48":3,"49":3,"50":1,"51":1,"52":2,"53":2,"54":1,"55":1,"56":1,"57":1,"58":1,"59":3,"60":3,"61":1,"62":1,"63":2,"64":2,"65":1,"66":1,"67":1,"68":1,"69":1,"70":1,"71":0,"72":0,"73":1,"74":1,"75":3,"76":3,"77":1,"78":1,"79":2,"80":2,"81":1,"82":1,"83":1,"84":1,"85":0,"86":1,"87":1,"88":1,"89":0,"90":1,"91":1,"92":1,"93":1,"94":4,"95":4,"96":4,"97":4,"98":4,"99":4,"100":1,"101":1},"f":{"0":11,"1":0,"2":3,"3":3,"4":3},"b":{"0":[1,10],"1":[1,9],"2":[8,1],"3":[9,8],"4":[1,7],"5":[1,6],"6":[0,0],"7":[0,0],"8":[0,0],"9":[0,0],"10":[0,0],"11":[0,0],"12":[1,2],"13":[1,1],"14":[1,2],"15":[1,1],"16":[1,2],"17":[1,1],"18":[0,1],"19":[0,1],"20":[0,1]},"_coverageSchema":"1a1c01bbd47fc00a2c39e90264f33305004495a9","hash":"7cf19f33465fae2d3cda133106cc16377bb38f4f","contentHash":"97f278dd5e0dd745b6772cb33dd6e1744d2fb997fd66ea642764a6abc4e08956"},"H:\\unimelb\\SWEN90013-MASP\\SWEN90013-2021-ED-Back-End\\models\\SchoolClass.js":{"path":"H:\\unimelb\\SWEN90013-MASP\\SWEN90013-2021-ED-Back-End\\models\\SchoolClass.js","statementMap":{"0":{"start":{"line":20,"column":8},"end":{"line":20,"column":24}},"1":{"start":{"line":21,"column":8},"end":{"line":21,"column":26}},"2":{"start":{"line":22,"column":8},"end":{"line":22,"column":30}},"3":{"start":{"line":23,"column":8},"end":{"line":23,"column":28}},"4":{"start":{"line":24,"column":8},"end":{"line":24,"column":40}},"5":{"start":{"line":25,"column":8},"end":{"line":25,"column":40}},"6":{"start":{"line":26,"column":8},"end":{"line":26,"column":32}},"7":{"start":{"line":27,"column":8},"end":{"line":27,"column":34}},"8":{"start":{"line":28,"column":8},"end":{"line":28,"column":42}},"9":{"start":{"line":29,"column":8},"end":{"line":29,"column":44}},"10":{"start":{"line":33,"column":8},"end":{"line":33,"column":25}},"11":{"start":{"line":37,"column":8},"end":{"line":37,"column":26}},"12":{"start":{"line":41,"column":8},"end":{"line":41,"column":26}},"13":{"start":{"line":45,"column":8},"end":{"line":45,"column":27}},"14":{"start":{"line":49,"column":8},"end":{"line":49,"column":28}},"15":{"start":{"line":53,"column":8},"end":{"line":53,"column":29}},"16":{"start":{"line":57,"column":8},"end":{"line":57,"column":27}},"17":{"start":{"line":61,"column":8},"end":{"line":61,"column":28}},"18":{"start":{"line":65,"column":8},"end":{"line":65,"column":33}},"19":{"start":{"line":69,"column":8},"end":{"line":69,"column":34}},"20":{"start":{"line":73,"column":8},"end":{"line":73,"column":33}},"21":{"start":{"line":77,"column":8},"end":{"line":77,"column":34}},"22":{"start":{"line":81,"column":8},"end":{"line":81,"column":29}},"23":{"start":{"line":85,"column":8},"end":{"line":85,"column":30}},"24":{"start":{"line":89,"column":8},"end":{"line":89,"column":30}},"25":{"start":{"line":93,"column":8},"end":{"line":93,"column":31}},"26":{"start":{"line":97,"column":8},"end":{"line":97,"column":34}},"27":{"start":{"line":101,"column":8},"end":{"line":101,"column":35}},"28":{"start":{"line":105,"column":8},"end":{"line":105,"column":35}},"29":{"start":{"line":109,"column":8},"end":{"line":109,"column":36}},"30":{"start":{"line":113,"column":0},"end":{"line":113,"column":29}}},"fnMap":{"0":{"name":"(anonymous_0)","decl":{"start":{"line":19,"column":4},"end":{"line":19,"column":5}},"loc":{"start":{"line":19,"column":116},"end":{"line":30,"column":5}},"line":19},"1":{"name":"(anonymous_1)","decl":{"start":{"line":32,"column":4},"end":{"line":32,"column":5}},"loc":{"start":{"line":32,"column":14},"end":{"line":34,"column":5}},"line":32},"2":{"name":"(anonymous_2)","decl":{"start":{"line":36,"column":4},"end":{"line":36,"column":5}},"loc":{"start":{"line":36,"column":19},"end":{"line":38,"column":5}},"line":36},"3":{"name":"(anonymous_3)","decl":{"start":{"line":40,"column":4},"end":{"line":40,"column":5}},"loc":{"start":{"line":40,"column":15},"end":{"line":42,"column":5}},"line":40},"4":{"name":"(anonymous_4)","decl":{"start":{"line":44,"column":4},"end":{"line":44,"column":5}},"loc":{"start":{"line":44,"column":20},"end":{"line":46,"column":5}},"line":44},"5":{"name":"(anonymous_5)","decl":{"start":{"line":48,"column":4},"end":{"line":48,"column":5}},"loc":{"start":{"line":48,"column":17},"end":{"line":50,"column":5}},"line":48},"6":{"name":"(anonymous_6)","decl":{"start":{"line":52,"column":4},"end":{"line":52,"column":5}},"loc":{"start":{"line":52,"column":22},"end":{"line":54,"column":5}},"line":52},"7":{"name":"(anonymous_7)","decl":{"start":{"line":56,"column":4},"end":{"line":56,"column":5}},"loc":{"start":{"line":56,"column":16},"end":{"line":58,"column":5}},"line":56},"8":{"name":"(anonymous_8)","decl":{"start":{"line":60,"column":4},"end":{"line":60,"column":5}},"loc":{"start":{"line":60,"column":21},"end":{"line":62,"column":5}},"line":60},"9":{"name":"(anonymous_9)","decl":{"start":{"line":64,"column":4},"end":{"line":64,"column":5}},"loc":{"start":{"line":64,"column":22},"end":{"line":66,"column":5}},"line":64},"10":{"name":"(anonymous_10)","decl":{"start":{"line":68,"column":4},"end":{"line":68,"column":5}},"loc":{"start":{"line":68,"column":27},"end":{"line":70,"column":5}},"line":68},"11":{"name":"(anonymous_11)","decl":{"start":{"line":72,"column":4},"end":{"line":72,"column":5}},"loc":{"start":{"line":72,"column":22},"end":{"line":74,"column":5}},"line":72},"12":{"name":"(anonymous_12)","decl":{"start":{"line":76,"column":4},"end":{"line":76,"column":5}},"loc":{"start":{"line":76,"column":27},"end":{"line":78,"column":5}},"line":76},"13":{"name":"(anonymous_13)","decl":{"start":{"line":80,"column":4},"end":{"line":80,"column":5}},"loc":{"start":{"line":80,"column":18},"end":{"line":82,"column":5}},"line":80},"14":{"name":"(anonymous_14)","decl":{"start":{"line":84,"column":4},"end":{"line":84,"column":5}},"loc":{"start":{"line":84,"column":23},"end":{"line":86,"column":5}},"line":84},"15":{"name":"(anonymous_15)","decl":{"start":{"line":88,"column":4},"end":{"line":88,"column":5}},"loc":{"start":{"line":88,"column":19},"end":{"line":90,"column":5}},"line":88},"16":{"name":"(anonymous_16)","decl":{"start":{"line":92,"column":4},"end":{"line":92,"column":5}},"loc":{"start":{"line":92,"column":24},"end":{"line":94,"column":5}},"line":92},"17":{"name":"(anonymous_17)","decl":{"start":{"line":96,"column":4},"end":{"line":96,"column":5}},"loc":{"start":{"line":96,"column":23},"end":{"line":98,"column":5}},"line":96},"18":{"name":"(anonymous_18)","decl":{"start":{"line":100,"column":4},"end":{"line":100,"column":5}},"loc":{"start":{"line":100,"column":28},"end":{"line":102,"column":5}},"line":100},"19":{"name":"(anonymous_19)","decl":{"start":{"line":104,"column":4},"end":{"line":104,"column":5}},"loc":{"start":{"line":104,"column":24},"end":{"line":106,"column":5}},"line":104},"20":{"name":"(anonymous_20)","decl":{"start":{"line":108,"column":4},"end":{"line":108,"column":5}},"loc":{"start":{"line":108,"column":29},"end":{"line":110,"column":5}},"line":108}},"branchMap":{},"s":{"0":14,"1":14,"2":14,"3":14,"4":14,"5":14,"6":14,"7":14,"8":14,"9":14,"10":0,"11":0,"12":0,"13":0,"14":0,"15":0,"16":0,"17":0,"18":0,"19":0,"20":0,"21":0,"22":0,"23":0,"24":0,"25":0,"26":0,"27":0,"28":0,"29":0,"30":1},"f":{"0":14,"1":0,"2":0,"3":0,"4":0,"5":0,"6":0,"7":0,"8":0,"9":0,"10":0,"11":0,"12":0,"13":0,"14":0,"15":0,"16":0,"17":0,"18":0,"19":0,"20":0},"b":{},"_coverageSchema":"1a1c01bbd47fc00a2c39e90264f33305004495a9","hash":"035eebcb44a627015284705ea7d88bbb298dbdaa","contentHash":"fd24d55ffdcd3ea2ef5c56a4eedf61d267d1d41681b42cb87b0f1e305ace903b"},"H:\\unimelb\\SWEN90013-MASP\\SWEN90013-2021-ED-Back-End\\models\\Student.js":{"path":"H:\\unimelb\\SWEN90013-MASP\\SWEN90013-2021-ED-Back-End\\models\\Student.js","statementMap":{"0":{"start":{"line":24,"column":8},"end":{"line":24,"column":24}},"1":{"start":{"line":25,"column":8},"end":{"line":25,"column":36}},"2":{"start":{"line":26,"column":8},"end":{"line":26,"column":34}},"3":{"start":{"line":27,"column":8},"end":{"line":27,"column":28}},"4":{"start":{"line":28,"column":8},"end":{"line":28,"column":36}},"5":{"start":{"line":29,"column":8},"end":{"line":29,"column":40}},"6":{"start":{"line":30,"column":8},"end":{"line":30,"column":36}},"7":{"start":{"line":31,"column":8},"end":{"line":31,"column":30}},"8":{"start":{"line":32,"column":8},"end":{"line":32,"column":28}},"9":{"start":{"line":33,"column":8},"end":{"line":33,"column":28}},"10":{"start":{"line":34,"column":8},"end":{"line":34,"column":42}},"11":{"start":{"line":35,"column":8},"end":{"line":35,"column":38}},"12":{"start":{"line":36,"column":8},"end":{"line":36,"column":26}},"13":{"start":{"line":37,"column":8},"end":{"line":37,"column":34}},"14":{"start":{"line":41,"column":8},"end":{"line":41,"column":25}},"15":{"start":{"line":45,"column":8},"end":{"line":45,"column":26}},"16":{"start":{"line":49,"column":8},"end":{"line":49,"column":31}},"17":{"start":{"line":53,"column":8},"end":{"line":53,"column":32}},"18":{"start":{"line":57,"column":8},"end":{"line":57,"column":30}},"19":{"start":{"line":61,"column":8},"end":{"line":61,"column":31}},"20":{"start":{"line":65,"column":8},"end":{"line":65,"column":27}},"21":{"start":{"line":69,"column":8},"end":{"line":69,"column":28}},"22":{"start":{"line":73,"column":8},"end":{"line":73,"column":31}},"23":{"start":{"line":77,"column":8},"end":{"line":77,"column":32}},"24":{"start":{"line":81,"column":8},"end":{"line":81,"column":33}},"25":{"start":{"line":85,"column":8},"end":{"line":85,"column":34}},"26":{"start":{"line":89,"column":8},"end":{"line":89,"column":31}},"27":{"start":{"line":93,"column":8},"end":{"line":93,"column":32}},"28":{"start":{"line":97,"column":8},"end":{"line":97,"column":28}},"29":{"start":{"line":101,"column":8},"end":{"line":101,"column":29}},"30":{"start":{"line":105,"column":8},"end":{"line":105,"column":27}},"31":{"start":{"line":109,"column":8},"end":{"line":109,"column":28}},"32":{"start":{"line":113,"column":8},"end":{"line":113,"column":34}},"33":{"start":{"line":117,"column":8},"end":{"line":117,"column":35}},"34":{"start":{"line":121,"column":8},"end":{"line":121,"column":32}},"35":{"start":{"line":125,"column":8},"end":{"line":125,"column":33}},"36":{"start":{"line":129,"column":8},"end":{"line":129,"column":27}},"37":{"start":{"line":133,"column":8},"end":{"line":133,"column":28}},"38":{"start":{"line":137,"column":8},"end":{"line":137,"column":26}},"39":{"start":{"line":141,"column":8},"end":{"line":141,"column":27}},"40":{"start":{"line":145,"column":8},"end":{"line":145,"column":30}},"41":{"start":{"line":149,"column":8},"end":{"line":149,"column":31}},"42":{"start":{"line":153,"column":8},"end":{"line":169,"column":10}},"43":{"start":{"line":173,"column":0},"end":{"line":173,"column":25}}},"fnMap":{"0":{"name":"(anonymous_0)","decl":{"start":{"line":23,"column":4},"end":{"line":23,"column":5}},"loc":{"start":{"line":23,"column":148},"end":{"line":38,"column":5}},"line":23},"1":{"name":"(anonymous_1)","decl":{"start":{"line":40,"column":4},"end":{"line":40,"column":5}},"loc":{"start":{"line":40,"column":14},"end":{"line":42,"column":5}},"line":40},"2":{"name":"(anonymous_2)","decl":{"start":{"line":44,"column":4},"end":{"line":44,"column":5}},"loc":{"start":{"line":44,"column":19},"end":{"line":46,"column":5}},"line":44},"3":{"name":"(anonymous_3)","decl":{"start":{"line":48,"column":4},"end":{"line":48,"column":5}},"loc":{"start":{"line":48,"column":20},"end":{"line":50,"column":5}},"line":48},"4":{"name":"(anonymous_4)","decl":{"start":{"line":52,"column":4},"end":{"line":52,"column":5}},"loc":{"start":{"line":52,"column":25},"end":{"line":54,"column":5}},"line":52},"5":{"name":"(anonymous_5)","decl":{"start":{"line":56,"column":4},"end":{"line":56,"column":5}},"loc":{"start":{"line":56,"column":19},"end":{"line":58,"column":5}},"line":56},"6":{"name":"(anonymous_6)","decl":{"start":{"line":60,"column":4},"end":{"line":60,"column":5}},"loc":{"start":{"line":60,"column":24},"end":{"line":62,"column":5}},"line":60},"7":{"name":"(anonymous_7)","decl":{"start":{"line":64,"column":4},"end":{"line":64,"column":5}},"loc":{"start":{"line":64,"column":16},"end":{"line":66,"column":5}},"line":64},"8":{"name":"(anonymous_8)","decl":{"start":{"line":68,"column":4},"end":{"line":68,"column":5}},"loc":{"start":{"line":68,"column":21},"end":{"line":70,"column":5}},"line":68},"9":{"name":"(anonymous_9)","decl":{"start":{"line":72,"column":4},"end":{"line":72,"column":5}},"loc":{"start":{"line":72,"column":20},"end":{"line":74,"column":5}},"line":72},"10":{"name":"(anonymous_10)","decl":{"start":{"line":76,"column":4},"end":{"line":76,"column":5}},"loc":{"start":{"line":76,"column":25},"end":{"line":78,"column":5}},"line":76},"11":{"name":"(anonymous_11)","decl":{"start":{"line":80,"column":4},"end":{"line":80,"column":5}},"loc":{"start":{"line":80,"column":22},"end":{"line":82,"column":5}},"line":80},"12":{"name":"(anonymous_12)","decl":{"start":{"line":84,"column":4},"end":{"line":84,"column":5}},"loc":{"start":{"line":84,"column":27},"end":{"line":86,"column":5}},"line":84},"13":{"name":"(anonymous_13)","decl":{"start":{"line":88,"column":4},"end":{"line":88,"column":5}},"loc":{"start":{"line":88,"column":20},"end":{"line":90,"column":5}},"line":88},"14":{"name":"(anonymous_14)","decl":{"start":{"line":92,"column":4},"end":{"line":92,"column":5}},"loc":{"start":{"line":92,"column":25},"end":{"line":94,"column":5}},"line":92},"15":{"name":"(anonymous_15)","decl":{"start":{"line":96,"column":4},"end":{"line":96,"column":5}},"loc":{"start":{"line":96,"column":17},"end":{"line":98,"column":5}},"line":96},"16":{"name":"(anonymous_16)","decl":{"start":{"line":100,"column":4},"end":{"line":100,"column":5}},"loc":{"start":{"line":100,"column":22},"end":{"line":102,"column":5}},"line":100},"17":{"name":"(anonymous_17)","decl":{"start":{"line":104,"column":4},"end":{"line":104,"column":5}},"loc":{"start":{"line":104,"column":16},"end":{"line":106,"column":5}},"line":104},"18":{"name":"(anonymous_18)","decl":{"start":{"line":108,"column":4},"end":{"line":108,"column":5}},"loc":{"start":{"line":108,"column":21},"end":{"line":110,"column":5}},"line":108},"19":{"name":"(anonymous_19)","decl":{"start":{"line":112,"column":4},"end":{"line":112,"column":5}},"loc":{"start":{"line":112,"column":23},"end":{"line":114,"column":5}},"line":112},"20":{"name":"(anonymous_20)","decl":{"start":{"line":116,"column":4},"end":{"line":116,"column":5}},"loc":{"start":{"line":116,"column":28},"end":{"line":118,"column":5}},"line":116},"21":{"name":"(anonymous_21)","decl":{"start":{"line":120,"column":4},"end":{"line":120,"column":5}},"loc":{"start":{"line":120,"column":21},"end":{"line":122,"column":5}},"line":120},"22":{"name":"(anonymous_22)","decl":{"start":{"line":124,"column":4},"end":{"line":124,"column":5}},"loc":{"start":{"line":124,"column":26},"end":{"line":126,"column":5}},"line":124},"23":{"name":"(anonymous_23)","decl":{"start":{"line":128,"column":4},"end":{"line":128,"column":5}},"loc":{"start":{"line":128,"column":16},"end":{"line":130,"column":5}},"line":128},"24":{"name":"(anonymous_24)","decl":{"start":{"line":132,"column":4},"end":{"line":132,"column":5}},"loc":{"start":{"line":132,"column":21},"end":{"line":134,"column":5}},"line":132},"25":{"name":"(anonymous_25)","decl":{"start":{"line":136,"column":4},"end":{"line":136,"column":5}},"loc":{"start":{"line":136,"column":15},"end":{"line":138,"column":5}},"line":136},"26":{"name":"(anonymous_26)","decl":{"start":{"line":140,"column":4},"end":{"line":140,"column":5}},"loc":{"start":{"line":140,"column":20},"end":{"line":142,"column":5}},"line":140},"27":{"name":"(anonymous_27)","decl":{"start":{"line":144,"column":4},"end":{"line":144,"column":5}},"loc":{"start":{"line":144,"column":19},"end":{"line":146,"column":5}},"line":144},"28":{"name":"(anonymous_28)","decl":{"start":{"line":148,"column":4},"end":{"line":148,"column":5}},"loc":{"start":{"line":148,"column":24},"end":{"line":150,"column":5}},"line":148},"29":{"name":"(anonymous_29)","decl":{"start":{"line":152,"column":4},"end":{"line":152,"column":5}},"loc":{"start":{"line":152,"column":15},"end":{"line":170,"column":5}},"line":152}},"branchMap":{},"s":{"0":4,"1":4,"2":4,"3":4,"4":4,"5":4,"6":4,"7":4,"8":4,"9":4,"10":4,"11":4,"12":4,"13":4,"14":0,"15":0,"16":0,"17":0,"18":0,"19":0,"20":0,"21":0,"22":0,"23":0,"24":0,"25":0,"26":0,"27":0,"28":0,"29":0,"30":0,"31":0,"32":0,"33":0,"34":0,"35":0,"36":0,"37":0,"38":0,"39":0,"40":0,"41":0,"42":0,"43":1},"f":{"0":4,"1":0,"2":0,"3":0,"4":0,"5":0,"6":0,"7":0,"8":0,"9":0,"10":0,"11":0,"12":0,"13":0,"14":0,"15":0,"16":0,"17":0,"18":0,"19":0,"20":0,"21":0,"22":0,"23":0,"24":0,"25":0,"26":0,"27":0,"28":0,"29":0},"b":{},"_coverageSchema":"1a1c01bbd47fc00a2c39e90264
[...]
":19}},"107":{"start":{"line":209,"column":16},"end":{"line":209,"column":45}},"108":{"start":{"line":210,"column":16},"end":{"line":210,"column":32}},"109":{"start":{"line":211,"column":16},"end":{"line":213,"column":19}},"110":{"start":{"line":216,"column":27},"end":{"line":216,"column":46}},"111":{"start":{"line":217,"column":12},"end":{"line":217,"column":42}},"112":{"start":{"line":219,"column":12},"end":{"line":227,"column":13}},"113":{"start":{"line":220,"column":16},"end":{"line":222,"column":19}},"114":{"start":{"line":225,"column":16},"end":{"line":225,"column":83}},"115":{"start":{"line":226,"column":16},"end":{"line":226,"column":23}},"116":{"start":{"line":229,"column":8},"end":{"line":229,"column":15}},"117":{"start":{"line":232,"column":20},"end":{"line":235,"column":9}},"118":{"start":{"line":236,"column":8},"end":{"line":236,"column":45}},"119":{"start":{"line":237,"column":8},"end":{"line":237,"column":15}},"120":{"start":{"line":241,"column":0},"end":{"line":241,"column":24}}},"fnMap":{"0":{"name":"(anonymous_0)","decl":{"start":{"line":16,"column":16},"end":{"line":16,"column":17}},"loc":{"start":{"line":16,"column":36},"end":{"line":72,"column":1}},"line":16},"1":{"name":"(anonymous_1)","decl":{"start":{"line":74,"column":21},"end":{"line":74,"column":22}},"loc":{"start":{"line":74,"column":40},"end":{"line":239,"column":1}},"line":74}},"branchMap":{"0":{"loc":{"start":{"line":20,"column":4},"end":{"line":24,"column":5}},"type":"if","locations":[{"start":{"line":20,"column":4},"end":{"line":24,"column":5}},{"start":{"line":20,"column":4},"end":{"line":24,"column":5}}],"line":20},"1":{"loc":{"start":{"line":26,"column":4},"end":{"line":30,"column":5}},"type":"if","locations":[{"start":{"line":26,"column":4},"end":{"line":30,"column":5}},{"start":{"line":26,"column":4},"end":{"line":30,"column":5}}],"line":26},"2":{"loc":{"start":{"line":37,"column":4},"end":{"line":71,"column":5}},"type":"if","locations":[{"start":{"line":37,"column":4},"end":{"line":71,"column":5}},{"start":{"line":37,"column":4},"end":{"line":71,"column":5}}],"line":37},"3":{"loc":{"start":{"line":46,"column":12},"end":{"line":57,"column":13}},"type":"if","locations":[{"start":{"line":46,"column":12},"end":{"line":57,"column":13}},{"start":{"line":46,"column":12},"end":{"line":57,"column":13}}],"line":46},"4":{"loc":{"start":{"line":83,"column":4},"end":{"line":86,"column":5}},"type":"if","locations":[{"start":{"line":83,"column":4},"end":{"line":86,"column":5}},{"start":{"line":83,"column":4},"end":{"line":86,"column":5}}],"line":83},"5":{"loc":{"start":{"line":96,"column":8},"end":{"line":99,"column":9}},"type":"if","locations":[{"start":{"line":96,"column":8},"end":{"line":99,"column":9}},{"start":{"line":96,"column":8},"end":{"line":99,"column":9}}],"line":96},"6":{"loc":{"start":{"line":101,"column":8},"end":{"line":103,"column":9}},"type":"if","locations":[{"start":{"line":101,"column":8},"end":{"line":103,"column":9}},{"start":{"line":101,"column":8},"end":{"line":103,"column":9}}],"line":101},"7":{"loc":{"start":{"line":105,"column":8},"end":{"line":107,"column":9}},"type":"if","locations":[{"start":{"line":105,"column":8},"end":{"line":107,"column":9}},{"start":{"line":105,"column":8},"end":{"line":107,"column":9}}],"line":105},"8":{"loc":{"start":{"line":109,"column":8},"end":{"line":228,"column":9}},"type":"if","locations":[{"start":{"line":109,"column":8},"end":{"line":228,"column":9}},{"start":{"line":109,"column":8},"end":{"line":228,"column":9}}],"line":109},"9":{"loc":{"start":{"line":113,"column":12},"end":{"line":116,"column":13}},"type":"if","locations":[{"start":{"line":113,"column":12},"end":{"line":116,"column":13}},{"start":{"line":113,"column":12},"end":{"line":116,"column":13}}],"line":113},"10":{"loc":{"start":{"line":120,"column":12},"end":{"line":145,"column":13}},"type":"if","locations":[{"start":{"line":120,"column":12},"end":{"line":145,"column":13}},{"start":{"line":120,"column":12},"end":{"line":145,"column":13}}],"line":120},"11":{"loc":{"start":{"line":161,"column":12},"end":{"line":175,"column":13}},"type":"if","locations":[{"start":{"line":161,"column":12},"end":{"line":175,"column":13}},{"start":{"line":161,"column":12},"end":{"line":175,"column":13}}],"line":161},"12":{"loc":{"start":{"line":168,"column":20},"end":{"line":170,"column":21}},"type":"if","locations":[{"start":{"line":168,"column":20},"end":{"line":170,"column":21}},{"start":{"line":168,"column":20},"end":{"line":170,"column":21}}],"line":168},"13":{"loc":{"start":{"line":172,"column":16},"end":{"line":174,"column":17}},"type":"if","locations":[{"start":{"line":172,"column":16},"end":{"line":174,"column":17}},{"start":{"line":172,"column":16},"end":{"line":174,"column":17}}],"line":172},"14":{"loc":{"start":{"line":189,"column":12},"end":{"line":214,"column":13}},"type":"if","locations":[{"start":{"line":189,"column":12},"end":{"line":214,"column":13}},{"start":{"line":189,"column":12},"end":{"line":214,"column":13}}],"line":189}},"s":{"0":1,"1":1,"2":1,"3":1,"4":1,"5":1,"6":1,"7":1,"8":1,"9":1,"10":4,"11":4,"12":1,"13":1,"14":1,"15":3,"16":1,"17":1,"18":1,"19":2,"20":2,"21":2,"22":2,"23":2,"24":1,"25":1,"26":1,"27":1,"28":1,"29":1,"30":1,"31":0,"32":1,"33":1,"34":1,"35":1,"36":1,"37":0,"38":0,"39":0,"40":1,"41":5,"42":5,"43":5,"44":4,"45":4,"46":1,"47":1,"48":1,"49":1,"50":1,"51":1,"52":0,"53":0,"54":1,"55":0,"56":1,"57":0,"58":1,"59":1,"60":1,"61":1,"62":0,"63":0,"64":1,"65":1,"66":1,"67":0,"68":0,"69":0,"70":0,"71":1,"72":1,"73":1,"74":1,"75":1,"76":1,"77":1,"78":1,"79":1,"80":1,"81":0,"82":0,"83":1,"84":1,"85":0,"86":1,"87":1,"88":1,"89":1,"90":1,"91":1,"92":0,"93":1,"94":1,"95":0,"96":0,"97":0,"98":0,"99":0,"100":0,"101":0,"102":0,"103":0,"104":0,"105":0,"106":0,"107":0,"108":0,"109":0,"110":0,"111":0,"112":0,"113":0,"114":0,"115":0,"116":1,"117":0,"118":0,"119":0,"120":1},"f":{"0":4,"1":5},"b":{"0":[1,3],"1":[1,2],"2":[1,1],"3":[0,1],"4":[4,1],"5":[0,1],"6":[0,1],"7":[0,1],"8":[1,0],"9":[0,1],"10":[0,1],"11":[0,1],"12":[1,0],"13":[0,1],"14":[0,0]},"_coverageSchema":"1a1c01bbd47fc00a2c39e90264f33305004495a9","hash":"6dd9aab4e78acf5f78b7d9a8398ab8b6a423f516","contentHash":"aad5da1e465da4669c0d68c1754f23329788f2d41af465b872b1e0e858a8b64b"},"H:\\unimelb\\SWEN90013-MASP\\SWEN90013-2021-ED-Back-End\\routes\\feedback\\EditFeedback.js":{"path":"H:\\unimelb\\SWEN90013-MASP\\SWEN90013-2021-ED-Back-End\\routes\\feedback\\EditFeedback.js","statementMap":{"0":{"start":{"line":5,"column":17},"end":{"line":5,"column":42}},"1":{"start":{"line":6,"column":15},"end":{"line":6,"column":30}},"2":{"start":{"line":7,"column":14},"end":{"line":7,"column":28}},"3":{"start":{"line":8,"column":11},"end":{"line":8,"column":29}},"4":{"start":{"line":9,"column":16},"end":{"line":9,"column":32}},"5":{"start":{"line":10,"column":16},"end":{"line":10,"column":34}},"6":{"start":{"line":11,"column":15},"end":{"line":11,"column":31}},"7":{"start":{"line":12,"column":12},"end":{"line":12,"column":26}},"8":{"start":{"line":14,"column":19},"end":{"line":14,"column":49}},"9":{"start":{"line":16,"column":0},"end":{"line":131,"column":3}},"10":{"start":{"line":17,"column":19},"end":{"line":22,"column":6}},"11":{"start":{"line":24,"column":19},"end":{"line":24,"column":44}},"12":{"start":{"line":25,"column":4},"end":{"line":28,"column":5}},"13":{"start":{"line":26,"column":8},"end":{"line":26,"column":73}},"14":{"start":{"line":27,"column":8},"end":{"line":27,"column":15}},"15":{"start":{"line":29,"column":4},"end":{"line":29,"column":72}},"16":{"start":{"line":31,"column":4},"end":{"line":130,"column":5}},"17":{"start":{"line":33,"column":27},"end":{"line":33,"column":69}},"18":{"start":{"line":34,"column":20},"end":{"line":34,"column":42}},"19":{"start":{"line":36,"column":8},"end":{"line":39,"column":9}},"20":{"start":{"line":37,"column":12},"end":{"line":37,"column":87}},"21":{"start":{"line":38,"column":12},"end":{"line":38,"column":19}},"22":{"start":{"line":41,"column":27},"end":{"line":41,"column":69}},"23":{"start":{"line":42,"column":20},"end":{"line":42,"column":42}},"24":{"start":{"line":44,"column":8},"end":{"line":47,"column":9}},"25":{"start":{"line":45,"column":12},"end":{"line":45,"column":87}},"26":{"start":{"line":46,"column":12},"end":{"line":46,"column":19}},"27":{"start":{"line":49,"column":21},"end":{"line":49,"column":40}},"28":{"start":{"line":50,"column":18},"end":{"line":50,"column":22}},"29":{"start":{"line":51,"column":8},"end":{"line":75,"column":9}},"30":{"start":{"line":52,"column":27},"end":{"line":58,"column":14}},"31":{"start":{"line":59,"column":12},"end":{"line":59,"column":41}},"32":{"start":{"line":60,"column":12},"end":{"line":60,"column":28}},"33":{"start":{"line":61,"column":12},"end":{"line":63,"column":15}},"34":{"start":{"line":65,"column":27},"end":{"line":65,"column":79}},"35":{"start":{"line":66,"column":24},"end":{"line":66,"column":42}},"36":{"start":{"line":67,"column":12},"end":{"line":69,"column":15}},"37":{"start":{"line":70,"column":12},"end":{"line":70,"column":41}},"38":{"start":{"line":71,"column":12},"end":{"line":71,"column":28}},"39":{"start":{"line":72,"column":12},"end":{"line":74,"column":15}},"40":{"start":{"line":77,"column":23},"end":{"line":77,"column":42}},"41":{"start":{"line":78,"column":8},"end":{"line":78,"column":38}},"42":{"start":{"line":80,"column":28},"end":{"line":80,"column":52}},"43":{"start":{"line":81,"column":8},"end":{"line":81,"column":84}},"44":{"start":{"line":83,"column":8},"end":{"line":92,"column":9}},"45":{"start":{"line":84,"column":12},"end":{"line":87,"column":15}},"46":{"start":{"line":90,"column":12},"end":{"line":90,"column":79}},"47":{"start":{"line":91,"column":12},"end":{"line":91,"column":19}},"48":{"start":{"line":94,"column":26},"end":{"line":94,"column":46}},"49":{"start":{"line":95,"column":8},"end":{"line":109,"column":9}},"50":{"start":{"line":96,"column":12},"end":{"line":96,"column":47}},"51":{"start":{"line":98,"column":25},"end":{"line":98,"column":58}},"52":{"start":{"line":100,"column":23},"end":{"line":100,"column":24}},"53":{"start":{"line":101,"column":12},"end":{"line":105,"column":13}},"54":{"start":{"line":102,"column":16},"end":{"line":104,"column":17}},"55":{"start":{"line":103,"column":20},"end":{"line":103,"column":29}},"56":{"start":{"line":106,"column":12},"end":{"line":108,"column":13}},"57":{"start":{"line":107,"column":16},"end":{"line":107,"column":53}},"58":{"start":{"line":111,"column":8},"end":{"line":119,"column":9}},"59":{"start":{"line":112,"column":12},"end":{"line":114,"column":15}},"60":{"start":{"line":117,"column":12},"end":{"line":117,"column":79}},"61":{"start":{"line":118,"column":12},"end":{"line":118,"column":19}},"62":{"start":{"line":120,"column":8},"end":{"line":120,"column":15}},"63":{"start":{"line":124,"column":20},"end":{"line":127,"column":9}},"64":{"start":{"line":128,"column":8},"end":{"line":128,"column":45}},"65":{"start":{"line":129,"column":8},"end":{"line":129,"column":15}},"66":{"start":{"line":133,"column":0},"end":{"line":133,"column":24}}},"fnMap":{"0":{"name":"(anonymous_0)","decl":{"start":{"line":16,"column":17},"end":{"line":16,"column":18}},"loc":{"start":{"line":16,"column":37},"end":{"line":131,"column":1}},"line":16}},"branchMap":{"0":{"loc":{"start":{"line":25,"column":4},"end":{"line":28,"column":5}},"type":"if","locations":[{"start":{"line":25,"column":4},"end":{"line":28,"column":5}},{"start":{"line":25,"column":4},"end":{"line":28,"column":5}}],"line":25},"1":{"loc":{"start":{"line":36,"column":8},"end":{"line":39,"column":9}},"type":"if","locations":[{"start":{"line":36,"column":8},"end":{"line":39,"column":9}},{"start":{"line":36,"column":8},"end":{"line":39,"column":9}}],"line":36},"2":{"loc":{"start":{"line":44,"column":8},"end":{"line":47,"column":9}},"type":"if","locations":[{"start":{"line":44,"column":8},"end":{"line":47,"column":9}},{"start":{"line":44,"column":8},"end":{"line":47,"column":9}}],"line":44},"3":{"loc":{"start":{"line":51,"column":8},"end":{"line":75,"column":9}},"type":"if","locations":[{"start":{"line":51,"column":8},"end":{"line":75,"column":9}},{"start":{"line":51,"column":8},"end":{"line":75,"column":9}}],"line":51},"4":{"loc":{"start":{"line":95,"column":8},"end":{"line":109,"column":9}},"type":"if","locations":[{"start":{"line":95,"column":8},"end":{"line":109,"column":9}},{"start":{"line":95,"column":8},"end":{"line":109,"column":9}}],"line":95},"5":{"loc":{"start":{"line":102,"column":16},"end":{"line":104,"column":17}},"type":"if","locations":[{"start":{"line":102,"column":16},"end":{"line":104,"column":17}},{"start":{"line":102,"column":16},"end":{"line":104,"column":17}}],"line":102},"6":{"loc":{"start":{"line":106,"column":12},"end":{"line":108,"column":13}},"type":"if","locations":[{"start":{"line":106,"column":12},"end":{"line":108,"column":13}},{"start":{"line":106,"column":12},"end":{"line":108,"column":13}}],"line":106}},"s":{"0":1,"1":1,"2":1,"3":1,"4":1,"5":1,"6":1,"7":1,"8":1,"9":1,"10":5,"11":5,"12":5,"13":4,"14":4,"15":1,"16":1,"17":1,"18":1,"19":1,"20":0,"21":0,"22":1,"23":1,"24":1,"25":0,"26":0,"27":1,"28":1,"29":1,"30":0,"31":0,"32":0,"33":0,"34":1,"35":1,"36":1,"37":1,"38":1,"39":1,"40":1,"41":1,"42":1,"43":1,"44":1,"45":1,"46":0,"47":0,"48":1,"49":1,"50":0,"51":1,"52":1,"53":1,"54":1,"55":1,"56":1,"57":0,"58":1,"59":1,"60":0,"61":0,"62":1,"63":0,"64":0,"65":0,"66":1},"f":{"0":5},"b":{"0":[4,1],"1":[0,1],"2":[0,1],"3":[0,1],"4":[0,1],"5":[1,0],"6":[0,1]},"_coverageSchema":"1a1c01bbd47fc00a2c39e90264f33305004495a9","hash":"7efc727533e6841072c0d87927be9bf733ff0c36","contentHash":"365bf6c5ccb0617071514654251cde32abdbc45ec438ae12da2e3c0132e09e2a"},"H:\\unimelb\\SWEN90013-MASP\\SWEN90013-2021-ED-Back-End\\routes\\notification\\GetNotification.js":{"path":"H:\\unimelb\\SWEN90013-MASP\\SWEN90013-2021-ED-Back-End\\routes\\notification\\GetNotification.js","statementMap":{"0":{"start":{"line":1,"column":17},"end":{"line":1,"column":42}},"1":{"start":{"line":2,"column":15},"end":{"line":2,"column":30}},"2":{"start":{"line":3,"column":11},"end":{"line":3,"column":29}},"3":{"start":{"line":4,"column":16},"end":{"line":4,"column":32}},"4":{"start":{"line":5,"column":16},"end":{"line":5,"column":34}},"5":{"start":{"line":6,"column":15},"end":{"line":6,"column":31}},"6":{"start":{"line":8,"column":0},"end":{"line":41,"column":3}},"7":{"start":{"line":10,"column":30},"end":{"line":10,"column":54}},"8":{"start":{"line":12,"column":4},"end":{"line":16,"column":5}},"9":{"start":{"line":13,"column":8},"end":{"line":13,"column":45}},"10":{"start":{"line":14,"column":8},"end":{"line":14,"column":63}},"11":{"start":{"line":15,"column":8},"end":{"line":15,"column":15}},"12":{"start":{"line":18,"column":16},"end":{"line":18,"column":31}},"13":{"start":{"line":19,"column":4},"end":{"line":19,"column":23}},"14":{"start":{"line":20,"column":24},"end":{"line":20,"column":50}},"15":{"start":{"line":22,"column":16},"end":{"line":22,"column":39}},"16":{"start":{"line":23,"column":4},"end":{"line":39,"column":5}},"17":{"start":{"line":24,"column":8},"end":{"line":24,"column":43}},"18":{"start":{"line":25,"column":8},"end":{"line":25,"column":70}},"19":{"start":{"line":27,"column":8},"end":{"line":27,"column":52}},"20":{"start":{"line":28,"column":8},"end":{"line":38,"column":9}},"21":{"start":{"line":30,"column":32},"end":{"line":30,"column":56}},"22":{"start":{"line":31,"column":12},"end":{"line":33,"column":15}},"23":{"start":{"line":36,"column":12},"end":{"line":36,"column":142}},"24":{"start":{"line":37,"column":12},"end":{"line":37,"column":39}},"25":{"start":{"line":43,"column":0},"end":{"line":43,"column":24}}},"fnMap":{"0":{"name":"(anonymous_0)","decl":{"start":{"line":8,"column":16},"end":{"line":8,"column":17}},"loc":{"start":{"line":8,"column":36},"end":{"line":41,"column":1}},"line":8}},"branchMap":{"0":{"loc":{"start":{"line":12,"column":4},"end":{"line":16,"column":5}},"type":"if","locations":[{"start":{"line":12,"column":4},"end":{"line":16,"column":5}},{"start":{"line":12,"column":4},"end":{"line":16,"column":5}}],"line":12},"1":{"loc":{"start":{"line":23,"column":4},"end":{"line":39,"column":5}},"type":"if","locations":[{"start":{"line":23,"column":4},"end":{"line":39,"column":5}},{"start":{"line":23,"column":4},"end":{"line":39,"column":5}}],"line":23}},"s":{"0":1,"1":1,"2":1,"3":1,"4":1,"5":1,"6":1,"7":3,"8":3,"9":1,"10":1,"11":1,"12":2,"13":2,"14":2,"15":2,"16":2,"17":1,"18":1,"19":1,"20":1,"21":1,"22":1,"23":0,"24":0,"25":1},"f":{"0":3},"b":{"0":[1,2],"1":[1,1]},"_coverageSchema":"1a1c01bbd47fc00a2c39e90264f33305004495a9","hash":"4e517a10531648b5cb17fcf0832e2baa6c2811e3","contentHash":"2034307ff677e336c90fec0c7a594d03cf54005c4e2f5891441ea4bd1fb4a17a"},"H:\\unimelb\\SWEN90013-MASP\\SWEN90013-2021-ED-Back-End\\routes\\code\\GenerateAccessCode.js":{"path":"H:\\unimelb\\SWEN90013-MASP\\SWEN90013-2021-ED-Back-End\\routes\\code\\GenerateAccessCode.js","statementMap":{"0":{"start":{"line":1,"column":17},"end":{"line":1,"column":42}},"1":{"start":{"line":2,"column":15},"end":{"line":2,"column":30}},"2":{"start":{"line":3,"column":11},"end":{"line":3,"column":29}},"3":{"start":{"line":4,"column":13},"end":{"line":4,"column":31}},"4":{"start":{"line":5,"column":16},"end":{"line":5,"column":34}},"5":{"start":{"line":6,"column":15},"end":{"line":6,"column":31}},"6":{"start":{"line":8,"column":0},"end":{"line":35,"column":3}},"7":{"start":{"line":10,"column":26},"end":{"line":10,"column":68}},"8":{"start":{"line":11,"column":26},"end":{"line":11,"column":51}},"9":{"start":{"line":12,"column":22},"end":{"line":12,"column":48}},"10":{"start":{"line":13,"column":24},"end":{"line":13,"column":64}},"11":{"start":{"line":14,"column":24},"end":{"line":14,"column":47}},"12":{"start":{"line":15,"column":20},"end":{"line":15,"column":44}},"13":{"start":{"line":16,"column":4},"end":{"line":34,"column":5}},"14":{"start":{"line":17,"column":8},"end":{"line":27,"column":11}},"15":{"start":{"line":18,"column":12},"end":{"line":26,"column":13}},"16":{"start":{"line":20,"column":16},"end":{"line":20,"column":62}},"17":{"start":{"line":21,"column":16},"end":{"line":25,"column":17}},"18":{"start":{"line":22,"column":20},"end":{"line":22,"column":43}},"19":{"start":{"line":23,"column":20},"end":{"line":23,"column":66}},"20":{"start":{"line":24,"column":20},"end":{"line":24,"column":26}},"21":{"start":{"line":28,"column":8},"end":{"line":28,"column":46}},"22":{"start":{"line":29,"column":8},"end":{"line":29,"column":23}},"23":{"start":{"line":32,"column":8},"end":{"line":32,"column":24}},"24":{"start":{"line":33,"column":8},"end":{"line":33,"column":75}},"25":{"start":{"line":39,"column":0},"end":{"line":39,"column":24}}},"fnMap":{"0":{"name":"(anonymous_0)","decl":{"start":{"line":8,"column":16},"end":{"line":8,"column":17}},"loc":{"start":{"line":8,"column":36},"end":{"line":35,"column":1}},"line":8},"1":{"name":"(anonymous_1)","decl":{"start":{"line":17,"column":32},"end":{"line":17,"column":33}},"loc":{"start":{"line":17,"column":43},"end":{"line":27,"column":9}},"line":17}},"branchMap":{"0":{"loc":{"start":{"line":21,"column":16},"end":{"line":25,"column":17}},"type":"if","locations":[{"start":{"line":21,"column":16},"end":{"line":25,"column":17}},{"start":{"line":21,"column":16},"end":{"line":25,"column":17}}],"line":21},"1":{"loc":{"start":{"line":21,"column":20},"end":{"line":21,"column":76}},"type":"binary-expr","locations":[{"start":{"line":21,"column":20},"end":{"line":21,"column":47}},{"start":{"line":21,"column":51},"end":{"line":21,"column":76}}],"line":21}},"s":{"0":1,"1":1,"2":1,"3":1,"4":1,"5":1,"6":1,"7":1,"8":1,"9":1,"10":1,"11":1,"12":1,"13":1,"14":1,"15":1,"16":1,"17":1,"18":1,"19":1,"20":1,"21":1,"22":1,"23":0,"24":0,"25":1},"f":{"0":1,"1":1},"b":{"0":[1,0],"1":[1,1]},"_coverageSchema":"1a1c01bbd47fc00a2c39e90264f33305004495a9","hash":"9a92f2094804d4631330e137d6f1b93231f7216c","contentHash":"e84a9ffc3307bb93f27736b181f8f903f20f96437aebddadf8b4b9e24783b781"}}